{"/workspace/build.js": {"path":"/workspace/build.js","all":false,"statementMap":{"0":{"start":{"line":1,"column":0},"end":{"line":1,"column":19}},"1":{"start":{"line":2,"column":0},"end":{"line":2,"column":30}},"2":{"start":{"line":3,"column":0},"end":{"line":3,"column":29}},"3":{"start":{"line":4,"column":0},"end":{"line":4,"column":50}},"4":{"start":{"line":5,"column":0},"end":{"line":5,"column":34}},"5":{"start":{"line":6,"column":0},"end":{"line":6,"column":0}},"6":{"start":{"line":7,"column":0},"end":{"line":7,"column":42}},"7":{"start":{"line":8,"column":0},"end":{"line":8,"column":0}},"8":{"start":{"line":9,"column":0},"end":{"line":9,"column":41}},"9":{"start":{"line":10,"column":0},"end":{"line":10,"column":32}},"10":{"start":{"line":11,"column":0},"end":{"line":11,"column":26}},"11":{"start":{"line":12,"column":0},"end":{"line":12,"column":44}},"12":{"start":{"line":13,"column":0},"end":{"line":13,"column":21}},"13":{"start":{"line":14,"column":0},"end":{"line":14,"column":0}},"14":{"start":{"line":15,"column":0},"end":{"line":15,"column":30}},"15":{"start":{"line":16,"column":0},"end":{"line":16,"column":1}},"16":{"start":{"line":17,"column":0},"end":{"line":17,"column":39}},"17":{"start":{"line":18,"column":0},"end":{"line":18,"column":0}},"18":{"start":{"line":19,"column":0},"end":{"line":19,"column":81}},"19":{"start":{"line":20,"column":0},"end":{"line":20,"column":48}},"20":{"start":{"line":21,"column":0},"end":{"line":21,"column":59}},"21":{"start":{"line":22,"column":0},"end":{"line":22,"column":32}},"22":{"start":{"line":23,"column":0},"end":{"line":23,"column":3}},"23":{"start":{"line":24,"column":0},"end":{"line":24,"column":15}},"24":{"start":{"line":25,"column":0},"end":{"line":25,"column":3}},"25":{"start":{"line":26,"column":0},"end":{"line":26,"column":0}},"26":{"start":{"line":27,"column":0},"end":{"line":27,"column":80}},"27":{"start":{"line":28,"column":0},"end":{"line":28,"column":16}},"28":{"start":{"line":29,"column":0},"end":{"line":29,"column":3}},"29":{"start":{"line":30,"column":0},"end":{"line":30,"column":49}},"30":{"start":{"line":31,"column":0},"end":{"line":31,"column":62}},"31":{"start":{"line":32,"column":0},"end":{"line":32,"column":29}},"32":{"start":{"line":33,"column":0},"end":{"line":33,"column":52}},"33":{"start":{"line":34,"column":0},"end":{"line":34,"column":43}},"34":{"start":{"line":35,"column":0},"end":{"line":35,"column":30}},"35":{"start":{"line":36,"column":0},"end":{"line":36,"column":28}},"36":{"start":{"line":37,"column":0},"end":{"line":37,"column":43}},"37":{"start":{"line":38,"column":0},"end":{"line":38,"column":3}},"38":{"start":{"line":39,"column":0},"end":{"line":39,"column":0}},"39":{"start":{"line":40,"column":0},"end":{"line":40,"column":14}},"40":{"start":{"line":41,"column":0},"end":{"line":41,"column":1}},"41":{"start":{"line":42,"column":0},"end":{"line":42,"column":0}},"42":{"start":{"line":43,"column":0},"end":{"line":43,"column":25}},"43":{"start":{"line":44,"column":0},"end":{"line":44,"column":1}},"44":{"start":{"line":45,"column":0},"end":{"line":45,"column":38}},"45":{"start":{"line":46,"column":0},"end":{"line":46,"column":3}},"46":{"start":{"line":47,"column":0},"end":{"line":47,"column":67}},"47":{"start":{"line":48,"column":0},"end":{"line":48,"column":3}},"48":{"start":{"line":49,"column":0},"end":{"line":49,"column":0}},"49":{"start":{"line":50,"column":0},"end":{"line":50,"column":18}},"50":{"start":{"line":51,"column":0},"end":{"line":51,"column":0}},"51":{"start":{"line":52,"column":0},"end":{"line":52,"column":23}},"52":{"start":{"line":53,"column":0},"end":{"line":53,"column":3}},"53":{"start":{"line":54,"column":0},"end":{"line":54,"column":51}},"54":{"start":{"line":55,"column":0},"end":{"line":55,"column":3}},"55":{"start":{"line":56,"column":0},"end":{"line":56,"column":0}},"56":{"start":{"line":57,"column":0},"end":{"line":57,"column":5}},"57":{"start":{"line":58,"column":0},"end":{"line":58,"column":3}},"58":{"start":{"line":59,"column":0},"end":{"line":59,"column":31}},"59":{"start":{"line":60,"column":0},"end":{"line":60,"column":50}},"60":{"start":{"line":61,"column":0},"end":{"line":61,"column":0}},"61":{"start":{"line":62,"column":0},"end":{"line":62,"column":54}},"62":{"start":{"line":63,"column":0},"end":{"line":63,"column":5}},"63":{"start":{"line":64,"column":0},"end":{"line":64,"column":108}},"64":{"start":{"line":65,"column":0},"end":{"line":65,"column":5}},"65":{"start":{"line":66,"column":0},"end":{"line":66,"column":0}},"66":{"start":{"line":67,"column":0},"end":{"line":67,"column":43}},"67":{"start":{"line":68,"column":0},"end":{"line":68,"column":5}},"68":{"start":{"line":69,"column":0},"end":{"line":69,"column":87}},"69":{"start":{"line":70,"column":0},"end":{"line":70,"column":5}},"70":{"start":{"line":71,"column":0},"end":{"line":71,"column":0}},"71":{"start":{"line":72,"column":0},"end":{"line":72,"column":50}},"72":{"start":{"line":73,"column":0},"end":{"line":73,"column":30}},"73":{"start":{"line":74,"column":0},"end":{"line":74,"column":5}},"74":{"start":{"line":75,"column":0},"end":{"line":75,"column":94}},"75":{"start":{"line":76,"column":0},"end":{"line":76,"column":5}},"76":{"start":{"line":77,"column":0},"end":{"line":77,"column":0}},"77":{"start":{"line":78,"column":0},"end":{"line":78,"column":31}},"78":{"start":{"line":79,"column":0},"end":{"line":79,"column":3}},"79":{"start":{"line":80,"column":0},"end":{"line":80,"column":11}},"80":{"start":{"line":81,"column":0},"end":{"line":81,"column":3}},"81":{"start":{"line":82,"column":0},"end":{"line":82,"column":71}},"82":{"start":{"line":83,"column":0},"end":{"line":83,"column":3}},"83":{"start":{"line":84,"column":0},"end":{"line":84,"column":1}},"84":{"start":{"line":85,"column":0},"end":{"line":85,"column":0}},"85":{"start":{"line":86,"column":0},"end":{"line":86,"column":25}},"86":{"start":{"line":87,"column":0},"end":{"line":87,"column":1}},"87":{"start":{"line":88,"column":0},"end":{"line":88,"column":56}},"88":{"start":{"line":89,"column":0},"end":{"line":89,"column":30}},"89":{"start":{"line":90,"column":0},"end":{"line":90,"column":16}},"90":{"start":{"line":91,"column":0},"end":{"line":91,"column":0}},"91":{"start":{"line":92,"column":0},"end":{"line":92,"column":26}},"92":{"start":{"line":93,"column":0},"end":{"line":93,"column":35}},"93":{"start":{"line":94,"column":0},"end":{"line":94,"column":36}},"94":{"start":{"line":95,"column":0},"end":{"line":95,"column":5}},"95":{"start":{"line":96,"column":0},"end":{"line":96,"column":76}},"96":{"start":{"line":97,"column":0},"end":{"line":97,"column":12}},"97":{"start":{"line":98,"column":0},"end":{"line":98,"column":5}},"98":{"start":{"line":99,"column":0},"end":{"line":99,"column":0}},"99":{"start":{"line":100,"column":0},"end":{"line":100,"column":16}},"100":{"start":{"line":101,"column":0},"end":{"line":101,"column":33}},"101":{"start":{"line":102,"column":0},"end":{"line":102,"column":22}},"102":{"start":{"line":103,"column":0},"end":{"line":103,"column":6}},"103":{"start":{"line":104,"column":0},"end":{"line":104,"column":4}},"104":{"start":{"line":105,"column":0},"end":{"line":105,"column":0}},"105":{"start":{"line":106,"column":0},"end":{"line":106,"column":35}},"106":{"start":{"line":107,"column":0},"end":{"line":107,"column":3}},"107":{"start":{"line":108,"column":0},"end":{"line":108,"column":96}},"108":{"start":{"line":109,"column":0},"end":{"line":109,"column":41}},"109":{"start":{"line":110,"column":0},"end":{"line":110,"column":3}},"110":{"start":{"line":111,"column":0},"end":{"line":111,"column":0}},"111":{"start":{"line":112,"column":0},"end":{"line":112,"column":14}},"112":{"start":{"line":113,"column":0},"end":{"line":113,"column":1}},"113":{"start":{"line":114,"column":0},"end":{"line":114,"column":0}},"114":{"start":{"line":115,"column":0},"end":{"line":115,"column":34}},"115":{"start":{"line":116,"column":0},"end":{"line":116,"column":1}},"116":{"start":{"line":117,"column":0},"end":{"line":117,"column":37}},"117":{"start":{"line":118,"column":0},"end":{"line":118,"column":24}},"118":{"start":{"line":119,"column":0},"end":{"line":119,"column":3}},"119":{"start":{"line":120,"column":0},"end":{"line":120,"column":78}},"120":{"start":{"line":121,"column":0},"end":{"line":121,"column":52}},"121":{"start":{"line":122,"column":0},"end":{"line":122,"column":3}},"122":{"start":{"line":123,"column":0},"end":{"line":123,"column":0}},"123":{"start":{"line":124,"column":0},"end":{"line":124,"column":32}},"124":{"start":{"line":125,"column":0},"end":{"line":125,"column":0}},"125":{"start":{"line":126,"column":0},"end":{"line":126,"column":5}},"126":{"start":{"line":127,"column":0},"end":{"line":127,"column":3}},"127":{"start":{"line":128,"column":0},"end":{"line":128,"column":44}},"128":{"start":{"line":129,"column":0},"end":{"line":129,"column":78}},"129":{"start":{"line":130,"column":0},"end":{"line":130,"column":0}},"130":{"start":{"line":131,"column":0},"end":{"line":131,"column":38}},"131":{"start":{"line":132,"column":0},"end":{"line":132,"column":32}},"132":{"start":{"line":133,"column":0},"end":{"line":133,"column":25}},"133":{"start":{"line":134,"column":0},"end":{"line":134,"column":16}},"134":{"start":{"line":135,"column":0},"end":{"line":135,"column":32}},"135":{"start":{"line":136,"column":0},"end":{"line":136,"column":7}},"136":{"start":{"line":137,"column":0},"end":{"line":137,"column":6}},"137":{"start":{"line":138,"column":0},"end":{"line":138,"column":0}},"138":{"start":{"line":139,"column":0},"end":{"line":139,"column":27}},"139":{"start":{"line":140,"column":0},"end":{"line":140,"column":0}},"140":{"start":{"line":141,"column":0},"end":{"line":141,"column":46}},"141":{"start":{"line":142,"column":0},"end":{"line":142,"column":5}},"142":{"start":{"line":143,"column":0},"end":{"line":143,"column":50}},"143":{"start":{"line":144,"column":0},"end":{"line":144,"column":19}},"144":{"start":{"line":145,"column":0},"end":{"line":145,"column":7}},"145":{"start":{"line":146,"column":0},"end":{"line":146,"column":56}},"146":{"start":{"line":147,"column":0},"end":{"line":147,"column":38}},"147":{"start":{"line":148,"column":0},"end":{"line":148,"column":9}},"148":{"start":{"line":149,"column":0},"end":{"line":149,"column":100}},"149":{"start":{"line":150,"column":0},"end":{"line":150,"column":96}},"150":{"start":{"line":151,"column":0},"end":{"line":151,"column":9}},"151":{"start":{"line":152,"column":0},"end":{"line":152,"column":53}},"152":{"start":{"line":153,"column":0},"end":{"line":153,"column":7}},"153":{"start":{"line":154,"column":0},"end":{"line":154,"column":77}},"154":{"start":{"line":155,"column":0},"end":{"line":155,"column":71}},"155":{"start":{"line":156,"column":0},"end":{"line":156,"column":5}},"156":{"start":{"line":157,"column":0},"end":{"line":157,"column":0}},"157":{"start":{"line":158,"column":0},"end":{"line":158,"column":16}},"158":{"start":{"line":159,"column":0},"end":{"line":159,"column":5}},"159":{"start":{"line":160,"column":0},"end":{"line":160,"column":62}},"160":{"start":{"line":161,"column":0},"end":{"line":161,"column":57}},"161":{"start":{"line":162,"column":0},"end":{"line":162,"column":5}},"162":{"start":{"line":163,"column":0},"end":{"line":163,"column":0}},"163":{"start":{"line":164,"column":0},"end":{"line":164,"column":61}},"164":{"start":{"line":165,"column":0},"end":{"line":165,"column":93}},"165":{"start":{"line":166,"column":0},"end":{"line":166,"column":5}},"166":{"start":{"line":167,"column":0},"end":{"line":167,"column":86}},"167":{"start":{"line":168,"column":0},"end":{"line":168,"column":41}},"168":{"start":{"line":169,"column":0},"end":{"line":169,"column":5}},"169":{"start":{"line":170,"column":0},"end":{"line":170,"column":0}},"170":{"start":{"line":171,"column":0},"end":{"line":171,"column":12}},"171":{"start":{"line":172,"column":0},"end":{"line":172,"column":39}},"172":{"start":{"line":173,"column":0},"end":{"line":173,"column":5}},"173":{"start":{"line":174,"column":0},"end":{"line":174,"column":29}},"174":{"start":{"line":175,"column":0},"end":{"line":175,"column":5}},"175":{"start":{"line":176,"column":0},"end":{"line":176,"column":8}},"176":{"start":{"line":177,"column":0},"end":{"line":177,"column":5}},"177":{"start":{"line":178,"column":0},"end":{"line":178,"column":23}},"178":{"start":{"line":179,"column":0},"end":{"line":179,"column":41}},"179":{"start":{"line":180,"column":0},"end":{"line":180,"column":7}},"180":{"start":{"line":181,"column":0},"end":{"line":181,"column":26}},"181":{"start":{"line":182,"column":0},"end":{"line":182,"column":7}},"182":{"start":{"line":183,"column":0},"end":{"line":183,"column":51}},"183":{"start":{"line":184,"column":0},"end":{"line":184,"column":5}},"184":{"start":{"line":185,"column":0},"end":{"line":185,"column":0}},"185":{"start":{"line":186,"column":0},"end":{"line":186,"column":40}},"186":{"start":{"line":187,"column":0},"end":{"line":187,"column":5}},"187":{"start":{"line":188,"column":0},"end":{"line":188,"column":106}},"188":{"start":{"line":189,"column":0},"end":{"line":189,"column":45}},"189":{"start":{"line":190,"column":0},"end":{"line":190,"column":5}},"190":{"start":{"line":191,"column":0},"end":{"line":191,"column":0}},"191":{"start":{"line":192,"column":0},"end":{"line":192,"column":49}},"192":{"start":{"line":193,"column":0},"end":{"line":193,"column":56}},"193":{"start":{"line":194,"column":0},"end":{"line":194,"column":35}},"194":{"start":{"line":195,"column":0},"end":{"line":195,"column":0}},"195":{"start":{"line":196,"column":0},"end":{"line":196,"column":63}},"196":{"start":{"line":197,"column":0},"end":{"line":197,"column":3}},"197":{"start":{"line":198,"column":0},"end":{"line":198,"column":13}},"198":{"start":{"line":199,"column":0},"end":{"line":199,"column":3}},"199":{"start":{"line":200,"column":0},"end":{"line":200,"column":34}},"200":{"start":{"line":201,"column":0},"end":{"line":201,"column":5}},"201":{"start":{"line":202,"column":0},"end":{"line":202,"column":91}},"202":{"start":{"line":203,"column":0},"end":{"line":203,"column":46}},"203":{"start":{"line":204,"column":0},"end":{"line":204,"column":5}},"204":{"start":{"line":205,"column":0},"end":{"line":205,"column":8}},"205":{"start":{"line":206,"column":0},"end":{"line":206,"column":5}},"206":{"start":{"line":207,"column":0},"end":{"line":207,"column":73}},"207":{"start":{"line":208,"column":0},"end":{"line":208,"column":48}},"208":{"start":{"line":209,"column":0},"end":{"line":209,"column":5}},"209":{"start":{"line":210,"column":0},"end":{"line":210,"column":3}},"210":{"start":{"line":211,"column":0},"end":{"line":211,"column":1}},"211":{"start":{"line":212,"column":0},"end":{"line":212,"column":0}},"212":{"start":{"line":213,"column":0},"end":{"line":213,"column":43}},"213":{"start":{"line":214,"column":0},"end":{"line":214,"column":1}},"214":{"start":{"line":215,"column":0},"end":{"line":215,"column":41}},"215":{"start":{"line":216,"column":0},"end":{"line":216,"column":14}},"216":{"start":{"line":217,"column":0},"end":{"line":217,"column":20}},"217":{"start":{"line":218,"column":0},"end":{"line":218,"column":51}},"218":{"start":{"line":219,"column":0},"end":{"line":219,"column":33}},"219":{"start":{"line":220,"column":0},"end":{"line":220,"column":3}},"220":{"start":{"line":221,"column":0},"end":{"line":221,"column":31}},"221":{"start":{"line":222,"column":0},"end":{"line":222,"column":33}},"222":{"start":{"line":223,"column":0},"end":{"line":223,"column":7}},"223":{"start":{"line":224,"column":0},"end":{"line":224,"column":26}},"224":{"start":{"line":225,"column":0},"end":{"line":225,"column":43}},"225":{"start":{"line":226,"column":0},"end":{"line":226,"column":7}},"226":{"start":{"line":227,"column":0},"end":{"line":227,"column":9}},"227":{"start":{"line":228,"column":0},"end":{"line":228,"column":3}},"228":{"start":{"line":229,"column":0},"end":{"line":229,"column":28}},"229":{"start":{"line":230,"column":0},"end":{"line":230,"column":16}},"230":{"start":{"line":231,"column":0},"end":{"line":231,"column":1}},"231":{"start":{"line":232,"column":0},"end":{"line":232,"column":0}},"232":{"start":{"line":233,"column":0},"end":{"line":233,"column":22}},"233":{"start":{"line":234,"column":0},"end":{"line":234,"column":1}},"234":{"start":{"line":235,"column":0},"end":{"line":235,"column":5}},"235":{"start":{"line":236,"column":0},"end":{"line":236,"column":3}},"236":{"start":{"line":237,"column":0},"end":{"line":237,"column":44}},"237":{"start":{"line":238,"column":0},"end":{"line":238,"column":38}},"238":{"start":{"line":239,"column":0},"end":{"line":239,"column":54}},"239":{"start":{"line":240,"column":0},"end":{"line":240,"column":0}},"240":{"start":{"line":241,"column":0},"end":{"line":241,"column":39}},"241":{"start":{"line":242,"column":0},"end":{"line":242,"column":30}},"242":{"start":{"line":243,"column":0},"end":{"line":243,"column":33}},"243":{"start":{"line":244,"column":0},"end":{"line":244,"column":5}},"244":{"start":{"line":245,"column":0},"end":{"line":245,"column":65}},"245":{"start":{"line":246,"column":0},"end":{"line":246,"column":31}},"246":{"start":{"line":247,"column":0},"end":{"line":247,"column":7}},"247":{"start":{"line":248,"column":0},"end":{"line":248,"column":38}},"248":{"start":{"line":249,"column":0},"end":{"line":249,"column":7}},"249":{"start":{"line":250,"column":0},"end":{"line":250,"column":79}},"250":{"start":{"line":251,"column":0},"end":{"line":251,"column":5}},"251":{"start":{"line":252,"column":0},"end":{"line":252,"column":0}},"252":{"start":{"line":253,"column":0},"end":{"line":253,"column":23}},"253":{"start":{"line":254,"column":0},"end":{"line":254,"column":26}},"254":{"start":{"line":255,"column":0},"end":{"line":255,"column":0}},"255":{"start":{"line":256,"column":0},"end":{"line":256,"column":56}},"256":{"start":{"line":257,"column":0},"end":{"line":257,"column":47}},"257":{"start":{"line":258,"column":0},"end":{"line":258,"column":24}},"258":{"start":{"line":259,"column":0},"end":{"line":259,"column":7}},"259":{"start":{"line":260,"column":0},"end":{"line":260,"column":37}},"260":{"start":{"line":261,"column":0},"end":{"line":261,"column":23}},"261":{"start":{"line":262,"column":0},"end":{"line":262,"column":19}},"262":{"start":{"line":263,"column":0},"end":{"line":263,"column":7}},"263":{"start":{"line":264,"column":0},"end":{"line":264,"column":0}},"264":{"start":{"line":265,"column":0},"end":{"line":265,"column":39}},"265":{"start":{"line":266,"column":0},"end":{"line":266,"column":60}},"266":{"start":{"line":267,"column":0},"end":{"line":267,"column":0}},"267":{"start":{"line":268,"column":0},"end":{"line":268,"column":16}},"268":{"start":{"line":269,"column":0},"end":{"line":269,"column":7}},"269":{"start":{"line":270,"column":0},"end":{"line":270,"column":60}},"270":{"start":{"line":271,"column":0},"end":{"line":271,"column":7}},"271":{"start":{"line":272,"column":0},"end":{"line":272,"column":0}},"272":{"start":{"line":273,"column":0},"end":{"line":273,"column":38}},"273":{"start":{"line":274,"column":0},"end":{"line":274,"column":21}},"274":{"start":{"line":275,"column":0},"end":{"line":275,"column":0}},"275":{"start":{"line":276,"column":0},"end":{"line":276,"column":14}},"276":{"start":{"line":277,"column":0},"end":{"line":277,"column":23}},"277":{"start":{"line":278,"column":0},"end":{"line":278,"column":19}},"278":{"start":{"line":279,"column":0},"end":{"line":279,"column":30}},"279":{"start":{"line":280,"column":0},"end":{"line":280,"column":22}},"280":{"start":{"line":281,"column":0},"end":{"line":281,"column":38}},"281":{"start":{"line":282,"column":0},"end":{"line":282,"column":7}},"282":{"start":{"line":283,"column":0},"end":{"line":283,"column":19}},"283":{"start":{"line":284,"column":0},"end":{"line":284,"column":0}},"284":{"start":{"line":285,"column":0},"end":{"line":285,"column":86}},"285":{"start":{"line":286,"column":0},"end":{"line":286,"column":54}},"286":{"start":{"line":287,"column":0},"end":{"line":287,"column":53}},"287":{"start":{"line":288,"column":0},"end":{"line":288,"column":0}},"288":{"start":{"line":289,"column":0},"end":{"line":289,"column":22}},"289":{"start":{"line":290,"column":0},"end":{"line":290,"column":28}},"290":{"start":{"line":291,"column":0},"end":{"line":291,"column":5}},"291":{"start":{"line":292,"column":0},"end":{"line":292,"column":44}},"292":{"start":{"line":293,"column":0},"end":{"line":293,"column":5}},"293":{"start":{"line":294,"column":0},"end":{"line":294,"column":0}},"294":{"start":{"line":295,"column":0},"end":{"line":295,"column":21}},"295":{"start":{"line":296,"column":0},"end":{"line":296,"column":26}},"296":{"start":{"line":297,"column":0},"end":{"line":297,"column":36}},"297":{"start":{"line":298,"column":0},"end":{"line":298,"column":5}},"298":{"start":{"line":299,"column":0},"end":{"line":299,"column":0}},"299":{"start":{"line":300,"column":0},"end":{"line":300,"column":119}},"300":{"start":{"line":301,"column":0},"end":{"line":301,"column":0}},"301":{"start":{"line":302,"column":0},"end":{"line":302,"column":28}},"302":{"start":{"line":303,"column":0},"end":{"line":303,"column":5}},"303":{"start":{"line":304,"column":0},"end":{"line":304,"column":63}},"304":{"start":{"line":305,"column":0},"end":{"line":305,"column":31}},"305":{"start":{"line":306,"column":0},"end":{"line":306,"column":7}},"306":{"start":{"line":307,"column":0},"end":{"line":307,"column":58}},"307":{"start":{"line":308,"column":0},"end":{"line":308,"column":7}},"308":{"start":{"line":309,"column":0},"end":{"line":309,"column":0}},"309":{"start":{"line":310,"column":0},"end":{"line":310,"column":49}},"310":{"start":{"line":311,"column":0},"end":{"line":311,"column":71}},"311":{"start":{"line":312,"column":0},"end":{"line":312,"column":69}},"312":{"start":{"line":313,"column":0},"end":{"line":313,"column":5}},"313":{"start":{"line":314,"column":0},"end":{"line":314,"column":8}},"314":{"start":{"line":315,"column":0},"end":{"line":315,"column":5}},"315":{"start":{"line":316,"column":0},"end":{"line":316,"column":51}},"316":{"start":{"line":317,"column":0},"end":{"line":317,"column":5}},"317":{"start":{"line":318,"column":0},"end":{"line":318,"column":3}},"318":{"start":{"line":319,"column":0},"end":{"line":319,"column":13}},"319":{"start":{"line":320,"column":0},"end":{"line":320,"column":3}},"320":{"start":{"line":321,"column":0},"end":{"line":321,"column":57}},"321":{"start":{"line":322,"column":0},"end":{"line":322,"column":19}},"322":{"start":{"line":323,"column":0},"end":{"line":323,"column":3}},"323":{"start":{"line":324,"column":0},"end":{"line":324,"column":1}},"324":{"start":{"line":325,"column":0},"end":{"line":325,"column":0}},"325":{"start":{"line":326,"column":0},"end":{"line":326,"column":80}},"326":{"start":{"line":327,"column":0},"end":{"line":327,"column":0}},"327":{"start":{"line":328,"column":0},"end":{"line":328,"column":42}},"328":{"start":{"line":329,"column":0},"end":{"line":329,"column":1}},"329":{"start":{"line":330,"column":0},"end":{"line":330,"column":9}},"330":{"start":{"line":331,"column":0},"end":{"line":331,"column":1}}},"s":{"0":1,"1":1,"2":1,"3":1,"4":1,"5":1,"6":1,"7":1,"8":1,"9":1,"10":1,"11":1,"12":1,"13":1,"14":46,"15":46,"16":46,"17":46,"18":46,"19":46,"20":46,"21":46,"22":46,"23":10,"24":10,"25":36,"26":36,"27":36,"28":46,"29":18,"30":18,"31":18,"32":18,"33":18,"34":18,"35":18,"36":18,"37":18,"38":22,"39":22,"40":22,"41":1,"42":35,"43":35,"44":35,"45":35,"46":4,"47":4,"48":31,"49":31,"50":31,"51":31,"52":35,"53":1,"54":1,"55":30,"56":30,"57":30,"58":30,"59":30,"60":30,"61":35,"62":35,"63":3,"64":3,"65":25,"66":35,"67":35,"68":1,"69":1,"70":24,"71":24,"72":24,"73":35,"74":8,"75":8,"76":16,"77":16,"78":16,"79":35,"80":2,"81":2,"82":2,"83":35,"84":1,"85":6,"86":6,"87":6,"88":6,"89":6,"90":6,"91":6,"92":6007,"93":6007,"94":6007,"95":1,"96":1,"97":1,"98":6006,"99":6006,"100":6006,"101":6006,"102":6006,"103":6,"104":6,"105":6,"106":6,"107":1,"108":1,"109":1,"110":5,"111":5,"112":5,"113":1,"114":14,"115":14,"116":14,"117":14,"118":14,"119":2,"120":2,"121":2,"122":12,"123":12,"124":12,"125":12,"126":12,"127":12,"128":12,"129":12,"130":12,"131":12,"132":12,"133":12,"134":12,"135":12,"136":12,"137":10,"138":10,"139":10,"140":14,"141":14,"142":3,"143":3,"144":3,"145":2,"146":2,"147":2,"148":1,"149":1,"150":1,"151":1,"152":1,"153":1,"154":1,"155":1,"156":7,"157":7,"158":14,"159":1,"160":1,"161":1,"162":6,"163":14,"164":14,"165":14,"166":1,"167":1,"168":1,"169":5,"170":5,"171":5,"172":5,"173":5,"174":5,"175":0,"176":0,"177":0,"178":0,"179":0,"180":0,"181":0,"182":0,"183":0,"184":5,"185":5,"186":14,"187":1,"188":1,"189":1,"190":5,"191":5,"192":5,"193":5,"194":5,"195":14,"196":14,"197":14,"198":2,"199":2,"200":2,"201":1,"202":1,"203":1,"204":1,"205":1,"206":1,"207":1,"208":1,"209":2,"210":14,"211":1,"212":2,"213":2,"214":2,"215":2,"216":2,"217":2,"218":2,"219":2,"220":2,"221":2,"222":2,"223":2,"224":2,"225":2,"226":2,"227":2,"228":2,"229":2,"230":2,"231":1,"232":3,"233":3,"234":3,"235":3,"236":3,"237":3,"238":3,"239":3,"240":3,"241":3,"242":3,"243":3,"244":0,"245":0,"246":0,"247":0,"248":0,"249":0,"250":0,"251":2,"252":2,"253":2,"254":2,"255":2,"256":2,"257":2,"258":2,"259":0,"260":0,"261":0,"262":0,"263":2,"264":2,"265":2,"266":2,"267":2,"268":2,"269":0,"270":0,"271":2,"272":2,"273":2,"274":2,"275":2,"276":2,"277":2,"278":2,"279":2,"280":2,"281":2,"282":2,"283":2,"284":2,"285":2,"286":2,"287":2,"288":2,"289":2,"290":3,"291":1,"292":1,"293":2,"294":2,"295":2,"296":2,"297":2,"298":2,"299":2,"300":2,"301":2,"302":3,"303":0,"304":0,"305":0,"306":0,"307":0,"308":0,"309":0,"310":0,"311":0,"312":0,"313":2,"314":2,"315":2,"316":2,"317":3,"318":3,"319":1,"320":1,"321":1,"322":1,"323":3,"324":1,"325":1,"326":1,"327":1,"328":0,"329":0,"330":0},"branchMap":{"0":{"type":"branch","line":329,"loc":{"start":{"line":329,"column":0},"end":{"line":331,"column":1}},"locations":[{"start":{"line":329,"column":0},"end":{"line":331,"column":1}}]},"1":{"type":"branch","line":15,"loc":{"start":{"line":15,"column":0},"end":{"line":41,"column":1}},"locations":[{"start":{"line":15,"column":0},"end":{"line":41,"column":1}}]},"2":{"type":"branch","line":19,"loc":{"start":{"line":19,"column":29},"end":{"line":19,"column":54}},"locations":[{"start":{"line":19,"column":29},"end":{"line":19,"column":54}}]},"3":{"type":"branch","line":19,"loc":{"start":{"line":19,"column":55},"end":{"line":19,"column":78}},"locations":[{"start":{"line":19,"column":55},"end":{"line":19,"column":78}}]},"4":{"type":"branch","line":19,"loc":{"start":{"line":19,"column":79},"end":{"line":20,"column":24}},"locations":[{"start":{"line":19,"column":79},"end":{"line":20,"column":24}}]},"5":{"type":"branch","line":20,"loc":{"start":{"line":20,"column":25},"end":{"line":20,"column":45}},"locations":[{"start":{"line":20,"column":25},"end":{"line":20,"column":45}}]},"6":{"type":"branch","line":20,"loc":{"start":{"line":20,"column":46},"end":{"line":21,"column":29}},"locations":[{"start":{"line":20,"column":46},"end":{"line":21,"column":29}}]},"7":{"type":"branch","line":21,"loc":{"start":{"line":21,"column":30},"end":{"line":21,"column":56}},"locations":[{"start":{"line":21,"column":30},"end":{"line":21,"column":56}}]},"8":{"type":"branch","line":21,"loc":{"start":{"line":21,"column":57},"end":{"line":22,"column":31}},"locations":[{"start":{"line":21,"column":57},"end":{"line":22,"column":31}}]},"9":{"type":"branch","line":23,"loc":{"start":{"line":23,"column":2},"end":{"line":25,"column":3}},"locations":[{"start":{"line":23,"column":2},"end":{"line":25,"column":3}}]},"10":{"type":"branch","line":25,"loc":{"start":{"line":25,"column":2},"end":{"line":29,"column":2}},"locations":[{"start":{"line":25,"column":2},"end":{"line":29,"column":2}}]},"11":{"type":"branch","line":29,"loc":{"start":{"line":29,"column":2},"end":{"line":38,"column":3}},"locations":[{"start":{"line":29,"column":2},"end":{"line":38,"column":3}}]},"12":{"type":"branch","line":31,"loc":{"start":{"line":31,"column":16},"end":{"line":31,"column":26}},"locations":[{"start":{"line":31,"column":16},"end":{"line":31,"column":26}}]},"13":{"type":"branch","line":31,"loc":{"start":{"line":31,"column":27},"end":{"line":31,"column":37}},"locations":[{"start":{"line":31,"column":27},"end":{"line":31,"column":37}}]},"14":{"type":"branch","line":31,"loc":{"start":{"line":31,"column":38},"end":{"line":31,"column":48}},"locations":[{"start":{"line":31,"column":38},"end":{"line":31,"column":48}}]},"15":{"type":"branch","line":31,"loc":{"start":{"line":31,"column":50},"end":{"line":31,"column":62}},"locations":[{"start":{"line":31,"column":50},"end":{"line":31,"column":62}}]},"16":{"type":"branch","line":31,"loc":{"start":{"line":31,"column":57},"end":{"line":32,"column":18}},"locations":[{"start":{"line":31,"column":57},"end":{"line":32,"column":18}}]},"17":{"type":"branch","line":32,"loc":{"start":{"line":32,"column":18},"end":{"line":32,"column":29}},"locations":[{"start":{"line":32,"column":18},"end":{"line":32,"column":29}}]},"18":{"type":"branch","line":32,"loc":{"start":{"line":32,"column":25},"end":{"line":33,"column":18}},"locations":[{"start":{"line":32,"column":25},"end":{"line":33,"column":18}}]},"19":{"type":"branch","line":33,"loc":{"start":{"line":33,"column":18},"end":{"line":33,"column":28}},"locations":[{"start":{"line":33,"column":18},"end":{"line":33,"column":28}}]},"20":{"type":"branch","line":33,"loc":{"start":{"line":33,"column":29},"end":{"line":33,"column":39}},"locations":[{"start":{"line":33,"column":29},"end":{"line":33,"column":39}}]},"21":{"type":"branch","line":33,"loc":{"start":{"line":33,"column":41},"end":{"line":33,"column":52}},"locations":[{"start":{"line":33,"column":41},"end":{"line":33,"column":52}}]},"22":{"type":"branch","line":33,"loc":{"start":{"line":33,"column":48},"end":{"line":34,"column":18}},"locations":[{"start":{"line":33,"column":48},"end":{"line":34,"column":18}}]},"23":{"type":"branch","line":34,"loc":{"start":{"line":34,"column":18},"end":{"line":34,"column":30}},"locations":[{"start":{"line":34,"column":18},"end":{"line":34,"column":30}}]},"24":{"type":"branch","line":34,"loc":{"start":{"line":34,"column":32},"end":{"line":34,"column":43}},"locations":[{"start":{"line":34,"column":32},"end":{"line":34,"column":43}}]},"25":{"type":"branch","line":34,"loc":{"start":{"line":34,"column":39},"end":{"line":35,"column":19}},"locations":[{"start":{"line":34,"column":39},"end":{"line":35,"column":19}}]},"26":{"type":"branch","line":35,"loc":{"start":{"line":35,"column":19},"end":{"line":35,"column":30}},"locations":[{"start":{"line":35,"column":19},"end":{"line":35,"column":30}}]},"27":{"type":"branch","line":35,"loc":{"start":{"line":35,"column":26},"end":{"line":36,"column":17}},"locations":[{"start":{"line":35,"column":26},"end":{"line":36,"column":17}}]},"28":{"type":"branch","line":36,"loc":{"start":{"line":36,"column":17},"end":{"line":36,"column":28}},"locations":[{"start":{"line":36,"column":17},"end":{"line":36,"column":28}}]},"29":{"type":"branch","line":36,"loc":{"start":{"line":36,"column":24},"end":{"line":37,"column":18}},"locations":[{"start":{"line":36,"column":24},"end":{"line":37,"column":18}}]},"30":{"type":"branch","line":37,"loc":{"start":{"line":37,"column":18},"end":{"line":37,"column":30}},"locations":[{"start":{"line":37,"column":18},"end":{"line":37,"column":30}}]},"31":{"type":"branch","line":37,"loc":{"start":{"line":37,"column":32},"end":{"line":37,"column":43}},"locations":[{"start":{"line":37,"column":32},"end":{"line":37,"column":43}}]},"32":{"type":"branch","line":38,"loc":{"start":{"line":38,"column":2},"end":{"line":41,"column":1}},"locations":[{"start":{"line":38,"column":2},"end":{"line":41,"column":1}}]},"33":{"type":"branch","line":43,"loc":{"start":{"line":43,"column":0},"end":{"line":84,"column":1}},"locations":[{"start":{"line":43,"column":0},"end":{"line":84,"column":1}}]},"34":{"type":"branch","line":45,"loc":{"start":{"line":45,"column":11},"end":{"line":45,"column":37}},"locations":[{"start":{"line":45,"column":11},"end":{"line":45,"column":37}}]},"35":{"type":"branch","line":46,"loc":{"start":{"line":46,"column":2},"end":{"line":48,"column":3}},"locations":[{"start":{"line":46,"column":2},"end":{"line":48,"column":3}}]},"36":{"type":"branch","line":48,"loc":{"start":{"line":48,"column":2},"end":{"line":53,"column":2}},"locations":[{"start":{"line":48,"column":2},"end":{"line":53,"column":2}}]},"37":{"type":"branch","line":53,"loc":{"start":{"line":53,"column":2},"end":{"line":55,"column":3}},"locations":[{"start":{"line":53,"column":2},"end":{"line":55,"column":3}}]},"38":{"type":"branch","line":55,"loc":{"start":{"line":55,"column":2},"end":{"line":62,"column":29}},"locations":[{"start":{"line":55,"column":2},"end":{"line":62,"column":29}}]},"39":{"type":"branch","line":62,"loc":{"start":{"line":62,"column":29},"end":{"line":62,"column":53}},"locations":[{"start":{"line":62,"column":29},"end":{"line":62,"column":53}}]},"40":{"type":"branch","line":63,"loc":{"start":{"line":63,"column":4},"end":{"line":65,"column":5}},"locations":[{"start":{"line":63,"column":4},"end":{"line":65,"column":5}}]},"41":{"type":"branch","line":65,"loc":{"start":{"line":65,"column":4},"end":{"line":67,"column":24}},"locations":[{"start":{"line":65,"column":4},"end":{"line":67,"column":24}}]},"42":{"type":"branch","line":67,"loc":{"start":{"line":67,"column":24},"end":{"line":67,"column":42}},"locations":[{"start":{"line":67,"column":24},"end":{"line":67,"column":42}}]},"43":{"type":"branch","line":68,"loc":{"start":{"line":68,"column":4},"end":{"line":70,"column":5}},"locations":[{"start":{"line":68,"column":4},"end":{"line":70,"column":5}}]},"44":{"type":"branch","line":70,"loc":{"start":{"line":70,"column":4},"end":{"line":74,"column":4}},"locations":[{"start":{"line":70,"column":4},"end":{"line":74,"column":4}}]},"45":{"type":"branch","line":74,"loc":{"start":{"line":74,"column":4},"end":{"line":76,"column":5}},"locations":[{"start":{"line":74,"column":4},"end":{"line":76,"column":5}}]},"46":{"type":"branch","line":76,"loc":{"start":{"line":76,"column":4},"end":{"line":80,"column":2}},"locations":[{"start":{"line":76,"column":4},"end":{"line":80,"column":2}}]},"47":{"type":"branch","line":80,"loc":{"start":{"line":80,"column":2},"end":{"line":83,"column":3}},"locations":[{"start":{"line":80,"column":2},"end":{"line":83,"column":3}}]},"48":{"type":"branch","line":86,"loc":{"start":{"line":86,"column":0},"end":{"line":113,"column":1}},"locations":[{"start":{"line":86,"column":0},"end":{"line":113,"column":1}}]},"49":{"type":"branch","line":107,"loc":{"start":{"line":107,"column":2},"end":{"line":110,"column":3}},"locations":[{"start":{"line":107,"column":2},"end":{"line":110,"column":3}}]},"50":{"type":"branch","line":110,"loc":{"start":{"line":110,"column":2},"end":{"line":113,"column":1}},"locations":[{"start":{"line":110,"column":2},"end":{"line":113,"column":1}}]},"51":{"type":"branch","line":92,"loc":{"start":{"line":92,"column":14},"end":{"line":104,"column":3}},"locations":[{"start":{"line":92,"column":14},"end":{"line":104,"column":3}}]},"52":{"type":"branch","line":94,"loc":{"start":{"line":94,"column":14},"end":{"line":94,"column":35}},"locations":[{"start":{"line":94,"column":14},"end":{"line":94,"column":35}}]},"53":{"type":"branch","line":95,"loc":{"start":{"line":95,"column":4},"end":{"line":98,"column":5}},"locations":[{"start":{"line":95,"column":4},"end":{"line":98,"column":5}}]},"54":{"type":"branch","line":98,"loc":{"start":{"line":98,"column":4},"end":{"line":104,"column":2}},"locations":[{"start":{"line":98,"column":4},"end":{"line":104,"column":2}}]},"55":{"type":"branch","line":115,"loc":{"start":{"line":115,"column":0},"end":{"line":211,"column":1}},"locations":[{"start":{"line":115,"column":0},"end":{"line":211,"column":1}}]},"56":{"type":"branch","line":119,"loc":{"start":{"line":119,"column":2},"end":{"line":122,"column":3}},"locations":[{"start":{"line":119,"column":2},"end":{"line":122,"column":3}}]},"57":{"type":"branch","line":122,"loc":{"start":{"line":122,"column":2},"end":{"line":137,"column":6}},"locations":[{"start":{"line":122,"column":2},"end":{"line":137,"column":6}}]},"58":{"type":"branch","line":137,"loc":{"start":{"line":137,"column":5},"end":{"line":141,"column":26}},"locations":[{"start":{"line":137,"column":5},"end":{"line":141,"column":26}}]},"59":{"type":"branch","line":141,"loc":{"start":{"line":141,"column":26},"end":{"line":141,"column":45}},"locations":[{"start":{"line":141,"column":26},"end":{"line":141,"column":45}}]},"60":{"type":"branch","line":142,"loc":{"start":{"line":142,"column":4},"end":{"line":156,"column":5}},"locations":[{"start":{"line":142,"column":4},"end":{"line":156,"column":5}}]},"61":{"type":"branch","line":145,"loc":{"start":{"line":145,"column":6},"end":{"line":153,"column":7}},"locations":[{"start":{"line":145,"column":6},"end":{"line":153,"column":7}}]},"62":{"type":"branch","line":148,"loc":{"start":{"line":148,"column":8},"end":{"line":153,"column":7}},"locations":[{"start":{"line":148,"column":8},"end":{"line":153,"column":7}}]},"63":{"type":"branch","line":153,"loc":{"start":{"line":153,"column":6},"end":{"line":156,"column":5}},"locations":[{"start":{"line":153,"column":6},"end":{"line":156,"column":5}}]},"64":{"type":"branch","line":156,"loc":{"start":{"line":156,"column":4},"end":{"line":159,"column":4}},"locations":[{"start":{"line":156,"column":4},"end":{"line":159,"column":4}}]},"65":{"type":"branch","line":159,"loc":{"start":{"line":159,"column":4},"end":{"line":162,"column":5}},"locations":[{"start":{"line":159,"column":4},"end":{"line":162,"column":5}}]},"66":{"type":"branch","line":162,"loc":{"start":{"line":162,"column":4},"end":{"line":164,"column":56}},"locations":[{"start":{"line":162,"column":4},"end":{"line":164,"column":56}}]},"67":{"type":"branch","line":164,"loc":{"start":{"line":164,"column":56},"end":{"line":164,"column":61}},"locations":[{"start":{"line":164,"column":56},"end":{"line":164,"column":61}}]},"68":{"type":"branch","line":165,"loc":{"start":{"line":165,"column":43},"end":{"line":165,"column":92}},"locations":[{"start":{"line":165,"column":43},"end":{"line":165,"column":92}}]},"69":{"type":"branch","line":166,"loc":{"start":{"line":166,"column":4},"end":{"line":169,"column":5}},"locations":[{"start":{"line":166,"column":4},"end":{"line":169,"column":5}}]},"70":{"type":"branch","line":169,"loc":{"start":{"line":169,"column":4},"end":{"line":175,"column":5}},"locations":[{"start":{"line":169,"column":4},"end":{"line":175,"column":5}}]},"71":{"type":"branch","line":175,"loc":{"start":{"line":175,"column":4},"end":{"line":184,"column":5}},"locations":[{"start":{"line":175,"column":4},"end":{"line":184,"column":5}}]},"72":{"type":"branch","line":184,"loc":{"start":{"line":184,"column":4},"end":{"line":187,"column":4}},"locations":[{"start":{"line":184,"column":4},"end":{"line":187,"column":4}}]},"73":{"type":"branch","line":187,"loc":{"start":{"line":187,"column":4},"end":{"line":190,"column":5}},"locations":[{"start":{"line":187,"column":4},"end":{"line":190,"column":5}}]},"74":{"type":"branch","line":190,"loc":{"start":{"line":190,"column":4},"end":{"line":196,"column":42}},"locations":[{"start":{"line":190,"column":4},"end":{"line":196,"column":42}}]},"75":{"type":"branch","line":196,"loc":{"start":{"line":196,"column":43},"end":{"line":196,"column":48}},"locations":[{"start":{"line":196,"column":43},"end":{"line":196,"column":48}}]},"76":{"type":"branch","line":198,"loc":{"start":{"line":198,"column":2},"end":{"line":210,"column":3}},"locations":[{"start":{"line":198,"column":2},"end":{"line":210,"column":3}}]},"77":{"type":"branch","line":201,"loc":{"start":{"line":201,"column":4},"end":{"line":209,"column":5}},"locations":[{"start":{"line":201,"column":4},"end":{"line":209,"column":5}}]},"78":{"type":"branch","line":213,"loc":{"start":{"line":213,"column":0},"end":{"line":231,"column":1}},"locations":[{"start":{"line":213,"column":0},"end":{"line":231,"column":1}}]},"79":{"type":"branch","line":221,"loc":{"start":{"line":221,"column":18},"end":{"line":227,"column":5}},"locations":[{"start":{"line":221,"column":18},"end":{"line":227,"column":5}}]},"80":{"type":"branch","line":233,"loc":{"start":{"line":233,"column":0},"end":{"line":324,"column":1}},"locations":[{"start":{"line":233,"column":0},"end":{"line":324,"column":1}}]},"81":{"type":"branch","line":244,"loc":{"start":{"line":244,"column":4},"end":{"line":251,"column":5}},"locations":[{"start":{"line":244,"column":4},"end":{"line":251,"column":5}}]},"82":{"type":"branch","line":251,"loc":{"start":{"line":251,"column":4},"end":{"line":291,"column":4}},"locations":[{"start":{"line":251,"column":4},"end":{"line":291,"column":4}}]},"83":{"type":"branch","line":291,"loc":{"start":{"line":291,"column":4},"end":{"line":293,"column":5}},"locations":[{"start":{"line":291,"column":4},"end":{"line":293,"column":5}}]},"84":{"type":"branch","line":293,"loc":{"start":{"line":293,"column":4},"end":{"line":303,"column":4}},"locations":[{"start":{"line":293,"column":4},"end":{"line":303,"column":4}}]},"85":{"type":"branch","line":303,"loc":{"start":{"line":303,"column":4},"end":{"line":313,"column":5}},"locations":[{"start":{"line":303,"column":4},"end":{"line":313,"column":5}}]},"86":{"type":"branch","line":313,"loc":{"start":{"line":313,"column":4},"end":{"line":317,"column":5}},"locations":[{"start":{"line":313,"column":4},"end":{"line":317,"column":5}}]},"87":{"type":"branch","line":319,"loc":{"start":{"line":319,"column":2},"end":{"line":323,"column":3}},"locations":[{"start":{"line":319,"column":2},"end":{"line":323,"column":3}}]},"88":{"type":"branch","line":256,"loc":{"start":{"line":256,"column":42},"end":{"line":283,"column":5}},"locations":[{"start":{"line":256,"column":42},"end":{"line":283,"column":5}}]},"89":{"type":"branch","line":259,"loc":{"start":{"line":259,"column":6},"end":{"line":263,"column":7}},"locations":[{"start":{"line":259,"column":6},"end":{"line":263,"column":7}}]},"90":{"type":"branch","line":269,"loc":{"start":{"line":269,"column":6},"end":{"line":271,"column":7}},"locations":[{"start":{"line":269,"column":6},"end":{"line":271,"column":7}}]},"91":{"type":"branch","line":286,"loc":{"start":{"line":286,"column":38},"end":{"line":286,"column":53}},"locations":[{"start":{"line":286,"column":38},"end":{"line":286,"column":53}}]}},"b":{"0":[0],"1":[46],"2":[44],"3":[42],"4":[41],"5":[40],"6":[39],"7":[38],"8":[37],"9":[10],"10":[36],"11":[18],"12":[17],"13":[17],"14":[17],"15":[1],"16":[17],"17":[3],"18":[14],"19":[4],"20":[4],"21":[3],"22":[11],"23":[5],"24":[5],"25":[6],"26":[0],"27":[6],"28":[0],"29":[6],"30":[2],"31":[2],"32":[22],"33":[35],"34":[32],"35":[4],"36":[31],"37":[1],"38":[30],"39":[17],"40":[3],"41":[25],"42":[24],"43":[1],"44":[24],"45":[8],"46":[16],"47":[2],"48":[6],"49":[1],"50":[5],"51":[6007],"52":[6006],"53":[1],"54":[6006],"55":[14],"56":[2],"57":[12],"58":[10],"59":[4],"60":[3],"61":[2],"62":[1],"63":[1],"64":[7],"65":[1],"66":[6],"67":[0],"68":[1],"69":[1],"70":[5],"71":[0],"72":[5],"73":[1],"74":[5],"75":[0],"76":[2],"77":[1],"78":[2],"79":[2],"80":[3],"81":[0],"82":[2],"83":[1],"84":[2],"85":[0],"86":[2],"87":[1],"88":[2],"89":[0],"90":[0],"91":[2]},"fnMap":{"0":{"name":"isPrivateIP","decl":{"start":{"line":15,"column":0},"end":{"line":41,"column":1}},"loc":{"start":{"line":15,"column":0},"end":{"line":41,"column":1}},"line":15},"1":{"name":"validateUrl","decl":{"start":{"line":43,"column":0},"end":{"line":84,"column":1}},"loc":{"start":{"line":43,"column":0},"end":{"line":84,"column":1}},"line":43},"2":{"name":"parseBookmarks","decl":{"start":{"line":86,"column":0},"end":{"line":113,"column":1}},"loc":{"start":{"line":86,"column":0},"end":{"line":113,"column":1}},"line":86},"3":{"name":"extractContent","decl":{"start":{"line":115,"column":0},"end":{"line":211,"column":1}},"loc":{"start":{"line":115,"column":0},"end":{"line":211,"column":1}},"line":115},"4":{"name":"pMap","decl":{"start":{"line":213,"column":0},"end":{"line":231,"column":1}},"loc":{"start":{"line":213,"column":0},"end":{"line":231,"column":1}},"line":213},"5":{"name":"build","decl":{"start":{"line":233,"column":0},"end":{"line":324,"column":1}},"loc":{"start":{"line":233,"column":0},"end":{"line":324,"column":1}},"line":233}},"f":{"0":46,"1":35,"2":6,"3":14,"4":2,"5":3}}
,"/workspace/stars.js": {"path":"/workspace/stars.js","all":true,"statementMap":{"0":{"start":{"line":1,"column":0},"end":{"line":1,"column":40}},"1":{"start":{"line":2,"column":0},"end":{"line":2,"column":0}},"2":{"start":{"line":3,"column":0},"end":{"line":3,"column":33}},"3":{"start":{"line":4,"column":0},"end":{"line":4,"column":39}},"4":{"start":{"line":5,"column":0},"end":{"line":5,"column":0}},"5":{"start":{"line":6,"column":0},"end":{"line":6,"column":16}},"6":{"start":{"line":7,"column":0},"end":{"line":7,"column":58}},"7":{"start":{"line":8,"column":0},"end":{"line":8,"column":18}},"8":{"start":{"line":9,"column":0},"end":{"line":9,"column":1}},"9":{"start":{"line":10,"column":0},"end":{"line":10,"column":0}},"10":{"start":{"line":11,"column":0},"end":{"line":11,"column":13}},"11":{"start":{"line":12,"column":0},"end":{"line":12,"column":44}},"12":{"start":{"line":13,"column":0},"end":{"line":13,"column":18}},"13":{"start":{"line":14,"column":0},"end":{"line":14,"column":1}},"14":{"start":{"line":15,"column":0},"end":{"line":15,"column":0}},"15":{"start":{"line":16,"column":0},"end":{"line":16,"column":27}},"16":{"start":{"line":17,"column":0},"end":{"line":17,"column":15}},"17":{"start":{"line":18,"column":0},"end":{"line":18,"column":19}},"18":{"start":{"line":19,"column":0},"end":{"line":19,"column":0}},"19":{"start":{"line":20,"column":0},"end":{"line":20,"column":16}},"20":{"start":{"line":21,"column":0},"end":{"line":21,"column":33}},"21":{"start":{"line":22,"column":0},"end":{"line":22,"column":83}},"22":{"start":{"line":23,"column":0},"end":{"line":23,"column":7}},"23":{"start":{"line":24,"column":0},"end":{"line":24,"column":18}},"24":{"start":{"line":25,"column":0},"end":{"line":25,"column":43}},"25":{"start":{"line":26,"column":0},"end":{"line":26,"column":48}},"26":{"start":{"line":27,"column":0},"end":{"line":27,"column":46}},"27":{"start":{"line":28,"column":0},"end":{"line":28,"column":10}},"28":{"start":{"line":29,"column":0},"end":{"line":29,"column":8}},"29":{"start":{"line":30,"column":0},"end":{"line":30,"column":6}},"30":{"start":{"line":31,"column":0},"end":{"line":31,"column":0}},"31":{"start":{"line":32,"column":0},"end":{"line":32,"column":23}},"32":{"start":{"line":33,"column":0},"end":{"line":33,"column":67}},"33":{"start":{"line":34,"column":0},"end":{"line":34,"column":5}},"34":{"start":{"line":35,"column":0},"end":{"line":35,"column":0}},"35":{"start":{"line":36,"column":0},"end":{"line":36,"column":39}},"36":{"start":{"line":37,"column":0},"end":{"line":37,"column":0}},"37":{"start":{"line":38,"column":0},"end":{"line":38,"column":28}},"38":{"start":{"line":39,"column":0},"end":{"line":39,"column":12}},"39":{"start":{"line":40,"column":0},"end":{"line":40,"column":5}},"40":{"start":{"line":41,"column":0},"end":{"line":41,"column":0}},"41":{"start":{"line":42,"column":0},"end":{"line":42,"column":78}},"42":{"start":{"line":43,"column":0},"end":{"line":43,"column":11}},"43":{"start":{"line":44,"column":0},"end":{"line":44,"column":3}},"44":{"start":{"line":45,"column":0},"end":{"line":45,"column":0}},"45":{"start":{"line":46,"column":0},"end":{"line":46,"column":55}},"46":{"start":{"line":47,"column":0},"end":{"line":47,"column":56}},"47":{"start":{"line":48,"column":0},"end":{"line":48,"column":1}},"48":{"start":{"line":49,"column":0},"end":{"line":49,"column":0}},"49":{"start":{"line":50,"column":0},"end":{"line":50,"column":32}}},"s":{"0":0,"1":0,"2":0,"3":0,"4":0,"5":0,"6":0,"7":0,"8":0,"9":0,"10":0,"11":0,"12":0,"13":0,"14":0,"15":0,"16":0,"17":0,"18":0,"19":0,"20":0,"21":0,"22":0,"23":0,"24":0,"25":0,"26":0,"27":0,"28":0,"29":0,"30":0,"31":0,"32":0,"33":0,"34":0,"35":0,"36":0,"37":0,"38":0,"39":0,"40":0,"41":0,"42":0,"43":0,"44":0,"45":0,"46":0,"47":0,"48":0,"49":0},"branchMap":{"0":{"type":"branch","line":1,"loc":{"start":{"line":1,"column":0},"end":{"line":50,"column":-51}},"locations":[{"start":{"line":1,"column":0},"end":{"line":50,"column":-51}}]}},"b":{"0":[0]},"fnMap":{"0":{"name":"(empty-report)","decl":{"start":{"line":1,"column":0},"end":{"line":50,"column":-51}},"loc":{"start":{"line":1,"column":0},"end":{"line":50,"column":-51}},"line":1}},"f":{"0":0}}
,"/workspace/tagger.js": {"path":"/workspace/tagger.js","all":false,"statementMap":{"0":{"start":{"line":1,"column":0},"end":{"line":1,"column":27}},"1":{"start":{"line":2,"column":0},"end":{"line":2,"column":67}},"2":{"start":{"line":3,"column":0},"end":{"line":3,"column":53}},"3":{"start":{"line":4,"column":0},"end":{"line":4,"column":2}},"4":{"start":{"line":5,"column":0},"end":{"line":5,"column":0}},"5":{"start":{"line":6,"column":0},"end":{"line":6,"column":34}},"6":{"start":{"line":7,"column":0},"end":{"line":7,"column":1}},"7":{"start":{"line":8,"column":0},"end":{"line":8,"column":54}},"8":{"start":{"line":9,"column":0},"end":{"line":9,"column":3}},"9":{"start":{"line":10,"column":0},"end":{"line":10,"column":42}},"10":{"start":{"line":11,"column":0},"end":{"line":11,"column":3}},"11":{"start":{"line":12,"column":0},"end":{"line":12,"column":0}},"12":{"start":{"line":13,"column":0},"end":{"line":13,"column":20}},"13":{"start":{"line":14,"column":0},"end":{"line":14,"column":18}},"14":{"start":{"line":15,"column":0},"end":{"line":15,"column":29}},"15":{"start":{"line":16,"column":0},"end":{"line":16,"column":17}},"16":{"start":{"line":17,"column":0},"end":{"line":17,"column":20}},"17":{"start":{"line":18,"column":0},"end":{"line":18,"column":0}},"18":{"start":{"line":19,"column":0},"end":{"line":19,"column":34}},"19":{"start":{"line":20,"column":0},"end":{"line":20,"column":0}},"20":{"start":{"line":21,"column":0},"end":{"line":21,"column":24}},"21":{"start":{"line":22,"column":0},"end":{"line":22,"column":3}},"22":{"start":{"line":23,"column":0},"end":{"line":23,"column":30}},"23":{"start":{"line":24,"column":0},"end":{"line":24,"column":34}},"24":{"start":{"line":25,"column":0},"end":{"line":25,"column":0}},"25":{"start":{"line":26,"column":0},"end":{"line":26,"column":32}},"26":{"start":{"line":27,"column":0},"end":{"line":27,"column":3}},"27":{"start":{"line":28,"column":0},"end":{"line":28,"column":0}},"28":{"start":{"line":29,"column":0},"end":{"line":29,"column":16}},"29":{"start":{"line":30,"column":0},"end":{"line":30,"column":24}},"30":{"start":{"line":31,"column":0},"end":{"line":31,"column":34}},"31":{"start":{"line":32,"column":0},"end":{"line":32,"column":19}},"32":{"start":{"line":33,"column":0},"end":{"line":33,"column":21}},"33":{"start":{"line":34,"column":0},"end":{"line":34,"column":0}},"34":{"start":{"line":35,"column":0},"end":{"line":35,"column":39}},"35":{"start":{"line":36,"column":0},"end":{"line":36,"column":0}},"36":{"start":{"line":37,"column":0},"end":{"line":37,"column":10}},"37":{"start":{"line":38,"column":0},"end":{"line":38,"column":17}},"38":{"start":{"line":39,"column":0},"end":{"line":39,"column":12}},"39":{"start":{"line":40,"column":0},"end":{"line":40,"column":3}},"40":{"start":{"line":41,"column":0},"end":{"line":41,"column":1}}},"s":{"0":1,"1":1,"2":1,"3":1,"4":1,"5":1,"6":22,"7":22,"8":22,"9":5,"10":5,"11":17,"12":17,"13":17,"14":17,"15":17,"16":17,"17":17,"18":17,"19":17,"20":17,"21":22,"22":259,"23":259,"24":167,"25":259,"26":259,"27":17,"28":17,"29":17,"30":17,"31":17,"32":17,"33":17,"34":22,"35":22,"36":22,"37":22,"38":22,"39":22,"40":22},"branchMap":{"0":{"type":"branch","line":6,"loc":{"start":{"line":6,"column":7},"end":{"line":41,"column":1}},"locations":[{"start":{"line":6,"column":7},"end":{"line":41,"column":1}}]},"1":{"type":"branch","line":8,"loc":{"start":{"line":8,"column":31},"end":{"line":8,"column":53}},"locations":[{"start":{"line":8,"column":31},"end":{"line":8,"column":53}}]},"2":{"type":"branch","line":9,"loc":{"start":{"line":9,"column":2},"end":{"line":11,"column":3}},"locations":[{"start":{"line":9,"column":2},"end":{"line":11,"column":3}}]},"3":{"type":"branch","line":11,"loc":{"start":{"line":11,"column":2},"end":{"line":22,"column":2}},"locations":[{"start":{"line":11,"column":2},"end":{"line":22,"column":2}}]},"4":{"type":"branch","line":22,"loc":{"start":{"line":22,"column":2},"end":{"line":27,"column":3}},"locations":[{"start":{"line":22,"column":2},"end":{"line":27,"column":3}}]},"5":{"type":"branch","line":23,"loc":{"start":{"line":23,"column":22},"end":{"line":23,"column":30}},"locations":[{"start":{"line":23,"column":22},"end":{"line":23,"column":30}}]},"6":{"type":"branch","line":23,"loc":{"start":{"line":23,"column":22},"end":{"line":24,"column":26}},"locations":[{"start":{"line":23,"column":22},"end":{"line":24,"column":26}}]},"7":{"type":"branch","line":24,"loc":{"start":{"line":24,"column":26},"end":{"line":24,"column":34}},"locations":[{"start":{"line":24,"column":26},"end":{"line":24,"column":34}}]},"8":{"type":"branch","line":24,"loc":{"start":{"line":24,"column":26},"end":{"line":26,"column":23}},"locations":[{"start":{"line":24,"column":26},"end":{"line":26,"column":23}}]},"9":{"type":"branch","line":26,"loc":{"start":{"line":26,"column":23},"end":{"line":26,"column":27}},"locations":[{"start":{"line":26,"column":23},"end":{"line":26,"column":27}}]},"10":{"type":"branch","line":27,"loc":{"start":{"line":27,"column":2},"end":{"line":35,"column":29}},"locations":[{"start":{"line":27,"column":2},"end":{"line":35,"column":29}}]},"11":{"type":"branch","line":35,"loc":{"start":{"line":35,"column":29},"end":{"line":35,"column":39}},"locations":[{"start":{"line":35,"column":29},"end":{"line":35,"column":39}}]},"12":{"type":"branch","line":31,"loc":{"start":{"line":31,"column":12},"end":{"line":31,"column":33}},"locations":[{"start":{"line":31,"column":12},"end":{"line":31,"column":33}}]},"13":{"type":"branch","line":33,"loc":{"start":{"line":33,"column":11},"end":{"line":33,"column":20}},"locations":[{"start":{"line":33,"column":11},"end":{"line":33,"column":20}}]}},"b":{"0":[22],"1":[18],"2":[5],"3":[17],"4":[259],"5":[88],"6":[171],"7":[4],"8":[167],"9":[44],"10":[17],"11":[4],"12":[55],"13":[41]},"fnMap":{"0":{"name":"generateTags","decl":{"start":{"line":6,"column":7},"end":{"line":41,"column":1}},"loc":{"start":{"line":6,"column":7},"end":{"line":41,"column":1}},"line":6}},"f":{"0":22}}
,"/workspace/docs/assets/index-BqS_aOeE.js": {"path":"/workspace/docs/assets/index-BqS_aOeE.js","all":true,"statementMap":{"0":{"start":{"line":1,"column":0},"end":{"line":1,"column":83702}},"1":{"start":{"line":2,"column":0},"end":{"line":2,"column":5027}}},"s":{"0":0,"1":0},"branchMap":{"0":{"type":"branch","line":1,"loc":{"start":{"line":1,"column":0},"end":{"line":2,"column":5007}},"locations":[{"start":{"line":1,"column":0},"end":{"line":2,"column":5007}}]}},"b":{"0":[0]},"fnMap":{"0":{"name":"(empty-report)","decl":{"start":{"line":1,"column":0},"end":{"line":2,"column":5007}},"loc":{"start":{"line":1,"column":0},"end":{"line":2,"column":5007}},"line":1}},"f":{"0":0}}
,"/workspace/docs/assets/index-Brc7uuz6.js": {"path":"/workspace/docs/assets/index-Brc7uuz6.js","all":true,"statementMap":{"0":{"start":{"line":1,"column":0},"end":{"line":1,"column":83842}},"1":{"start":{"line":2,"column":0},"end":{"line":2,"column":5027}}},"s":{"0":0,"1":0},"branchMap":{"0":{"type":"branch","line":1,"loc":{"start":{"line":1,"column":0},"end":{"line":2,"column":4997}},"locations":[{"start":{"line":1,"column":0},"end":{"line":2,"column":4997}}]}},"b":{"0":[0]},"fnMap":{"0":{"name":"(empty-report)","decl":{"start":{"line":1,"column":0},"end":{"line":2,"column":4997}},"loc":{"start":{"line":1,"column":0},"end":{"line":2,"column":4997}},"line":1}},"f":{"0":0}}
,"/workspace/docs/assets/index-D7yKBaPF.js": {"path":"/workspace/docs/assets/index-D7yKBaPF.js","all":true,"statementMap":{"0":{"start":{"line":1,"column":0},"end":{"line":1,"column":1237}},"1":{"start":{"line":2,"column":0},"end":{"line":2,"column":76}},"2":{"start":{"line":3,"column":0},"end":{"line":3,"column":52}},"3":{"start":{"line":4,"column":0},"end":{"line":4,"column":48}},"4":{"start":{"line":5,"column":0},"end":{"line":5,"column":87}},"5":{"start":{"line":6,"column":0},"end":{"line":6,"column":181}}},"s":{"0":0,"1":0,"2":0,"3":0,"4":0,"5":0},"branchMap":{"0":{"type":"branch","line":1,"loc":{"start":{"line":1,"column":1686},"end":{"line":6,"column":181}},"locations":[{"start":{"line":1,"column":1686},"end":{"line":6,"column":181}}]}},"b":{"0":[0]},"fnMap":{"0":{"name":"(empty-report)","decl":{"start":{"line":1,"column":1686},"end":{"line":6,"column":181}},"loc":{"start":{"line":1,"column":1686},"end":{"line":6,"column":181}},"line":1}},"f":{"0":0}}
,"/workspace/docs/assets/index-JjRh9vyZ.js": {"path":"/workspace/docs/assets/index-JjRh9vyZ.js","all":true,"statementMap":{"0":{"start":{"line":1,"column":0},"end":{"line":1,"column":1211}},"1":{"start":{"line":2,"column":0},"end":{"line":2,"column":76}},"2":{"start":{"line":3,"column":0},"end":{"line":3,"column":52}},"3":{"start":{"line":4,"column":0},"end":{"line":4,"column":48}},"4":{"start":{"line":5,"column":0},"end":{"line":5,"column":87}},"5":{"start":{"line":6,"column":0},"end":{"line":6,"column":169}}},"s":{"0":0,"1":0,"2":0,"3":0,"4":0,"5":0},"branchMap":{"0":{"type":"branch","line":1,"loc":{"start":{"line":1,"column":0},"end":{"line":6,"column":169}},"locations":[{"start":{"line":1,"column":0},"end":{"line":6,"column":169}}]}},"b":{"0":[0]},"fnMap":{"0":{"name":"(empty-report)","decl":{"start":{"line":1,"column":0},"end":{"line":6,"column":169}},"loc":{"start":{"line":1,"column":0},"end":{"line":6,"column":169}},"line":1}},"f":{"0":0}}
,"/workspace/k8s/overlays/shokohsc/browser-sync/config/bs-config.js": {"path":"/workspace/k8s/overlays/shokohsc/browser-sync/config/bs-config.js","all":true,"statementMap":{"0":{"start":{"line":1,"column":0},"end":{"line":1,"column":0}},"1":{"start":{"line":2,"column":0},"end":{"line":2,"column":2}},"2":{"start":{"line":3,"column":0},"end":{"line":3,"column":76}},"3":{"start":{"line":4,"column":0},"end":{"line":4,"column":27}},"4":{"start":{"line":5,"column":0},"end":{"line":5,"column":76}},"5":{"start":{"line":6,"column":0},"end":{"line":6,"column":2}},"6":{"start":{"line":7,"column":0},"end":{"line":7,"column":48}},"7":{"start":{"line":8,"column":0},"end":{"line":8,"column":44}},"8":{"start":{"line":9,"column":0},"end":{"line":9,"column":2}},"9":{"start":{"line":10,"column":0},"end":{"line":10,"column":77}},"10":{"start":{"line":11,"column":0},"end":{"line":11,"column":49}},"11":{"start":{"line":12,"column":0},"end":{"line":12,"column":2}},"12":{"start":{"line":13,"column":0},"end":{"line":13,"column":2}},"13":{"start":{"line":14,"column":0},"end":{"line":14,"column":3}},"14":{"start":{"line":15,"column":0},"end":{"line":15,"column":18}},"15":{"start":{"line":16,"column":0},"end":{"line":16,"column":7}},"16":{"start":{"line":17,"column":0},"end":{"line":17,"column":14}},"17":{"start":{"line":18,"column":0},"end":{"line":18,"column":4}},"18":{"start":{"line":19,"column":0},"end":{"line":19,"column":14}},"19":{"start":{"line":20,"column":0},"end":{"line":20,"column":15}},"20":{"start":{"line":21,"column":0},"end":{"line":21,"column":15}},"21":{"start":{"line":22,"column":0},"end":{"line":22,"column":15}},"22":{"start":{"line":23,"column":0},"end":{"line":23,"column":10}},"23":{"start":{"line":24,"column":0},"end":{"line":24,"column":44}},"24":{"start":{"line":25,"column":0},"end":{"line":25,"column":12}},"25":{"start":{"line":26,"column":0},"end":{"line":26,"column":4}},"26":{"start":{"line":27,"column":0},"end":{"line":27,"column":13}},"27":{"start":{"line":28,"column":0},"end":{"line":28,"column":13}},"28":{"start":{"line":29,"column":0},"end":{"line":29,"column":25}},"29":{"start":{"line":30,"column":0},"end":{"line":30,"column":20}},"30":{"start":{"line":31,"column":0},"end":{"line":31,"column":23}},"31":{"start":{"line":32,"column":0},"end":{"line":32,"column":11}},"32":{"start":{"line":33,"column":0},"end":{"line":33,"column":13}},"33":{"start":{"line":34,"column":0},"end":{"line":34,"column":3}},"34":{"start":{"line":35,"column":0},"end":{"line":35,"column":2}}},"s":{"0":0,"1":0,"2":0,"3":0,"4":0,"5":0,"6":0,"7":0,"8":0,"9":0,"10":0,"11":0,"12":0,"13":0,"14":0,"15":0,"16":0,"17":0,"18":0,"19":0,"20":0,"21":0,"22":0,"23":0,"24":0,"25":0,"26":0,"27":0,"28":0,"29":0,"30":0,"31":0,"32":0,"33":0,"34":0},"branchMap":{"0":{"type":"branch","line":1,"loc":{"start":{"line":1,"column":739},"end":{"line":35,"column":2}},"locations":[{"start":{"line":1,"column":739},"end":{"line":35,"column":2}}]}},"b":{"0":[0]},"fnMap":{"0":{"name":"(empty-report)","decl":{"start":{"line":1,"column":739},"end":{"line":35,"column":2}},"loc":{"start":{"line":1,"column":739},"end":{"line":35,"column":2}},"line":1}},"f":{"0":0}}
,"/workspace/src/main.js": {"path":"/workspace/src/main.js","all":true,"statementMap":{"0":{"start":{"line":1,"column":0},"end":{"line":1,"column":20}},"1":{"start":{"line":2,"column":0},"end":{"line":2,"column":0}},"2":{"start":{"line":3,"column":0},"end":{"line":3,"column":48}},"3":{"start":{"line":4,"column":0},"end":{"line":4,"column":45}},"4":{"start":{"line":5,"column":0},"end":{"line":5,"column":19}},"5":{"start":{"line":6,"column":0},"end":{"line":6,"column":41}},"6":{"start":{"line":7,"column":0},"end":{"line":7,"column":32}},"7":{"start":{"line":8,"column":0},"end":{"line":8,"column":25}},"8":{"start":{"line":9,"column":0},"end":{"line":9,"column":0}},"9":{"start":{"line":10,"column":0},"end":{"line":10,"column":45}},"10":{"start":{"line":11,"column":0},"end":{"line":11,"column":29}},"11":{"start":{"line":12,"column":0},"end":{"line":12,"column":27}},"12":{"start":{"line":13,"column":0},"end":{"line":13,"column":0}},"13":{"start":{"line":14,"column":0},"end":{"line":14,"column":13}},"14":{"start":{"line":15,"column":0},"end":{"line":15,"column":0}},"15":{"start":{"line":16,"column":0},"end":{"line":16,"column":27}},"16":{"start":{"line":17,"column":0},"end":{"line":17,"column":38}},"17":{"start":{"line":18,"column":0},"end":{"line":18,"column":11}},"18":{"start":{"line":19,"column":0},"end":{"line":19,"column":26}},"19":{"start":{"line":20,"column":0},"end":{"line":20,"column":10}},"20":{"start":{"line":21,"column":0},"end":{"line":21,"column":3}},"21":{"start":{"line":22,"column":0},"end":{"line":22,"column":38}},"22":{"start":{"line":23,"column":0},"end":{"line":23,"column":99}},"23":{"start":{"line":24,"column":0},"end":{"line":24,"column":27}},"24":{"start":{"line":25,"column":0},"end":{"line":25,"column":4}},"25":{"start":{"line":26,"column":0},"end":{"line":26,"column":26}},"26":{"start":{"line":27,"column":0},"end":{"line":27,"column":67}},"27":{"start":{"line":28,"column":0},"end":{"line":28,"column":10}},"28":{"start":{"line":29,"column":0},"end":{"line":29,"column":3}},"29":{"start":{"line":30,"column":0},"end":{"line":30,"column":26}},"30":{"start":{"line":31,"column":0},"end":{"line":31,"column":9}},"31":{"start":{"line":32,"column":0},"end":{"line":32,"column":17}},"32":{"start":{"line":33,"column":0},"end":{"line":33,"column":79}},"33":{"start":{"line":34,"column":0},"end":{"line":34,"column":55}},"34":{"start":{"line":35,"column":0},"end":{"line":35,"column":51}},"35":{"start":{"line":36,"column":0},"end":{"line":36,"column":98}},"36":{"start":{"line":37,"column":0},"end":{"line":37,"column":11}},"37":{"start":{"line":38,"column":0},"end":{"line":38,"column":5}},"38":{"start":{"line":39,"column":0},"end":{"line":39,"column":13}},"39":{"start":{"line":40,"column":0},"end":{"line":40,"column":1}},"40":{"start":{"line":41,"column":0},"end":{"line":41,"column":0}},"41":{"start":{"line":42,"column":0},"end":{"line":42,"column":9}},"42":{"start":{"line":43,"column":0},"end":{"line":43,"column":39}},"43":{"start":{"line":44,"column":0},"end":{"line":44,"column":21}},"44":{"start":{"line":45,"column":0},"end":{"line":45,"column":52}},"45":{"start":{"line":46,"column":0},"end":{"line":46,"column":2}},"46":{"start":{"line":47,"column":0},"end":{"line":47,"column":0}},"47":{"start":{"line":48,"column":0},"end":{"line":48,"column":26}},"48":{"start":{"line":49,"column":0},"end":{"line":49,"column":56}},"49":{"start":{"line":50,"column":0},"end":{"line":50,"column":1}},"50":{"start":{"line":51,"column":0},"end":{"line":51,"column":0}},"51":{"start":{"line":52,"column":0},"end":{"line":52,"column":6}}},"s":{"0":0,"1":0,"2":0,"3":0,"4":0,"5":0,"6":0,"7":0,"8":0,"9":0,"10":0,"11":0,"12":0,"13":0,"14":0,"15":0,"16":0,"17":0,"18":0,"19":0,"20":0,"21":0,"22":0,"23":0,"24":0,"25":0,"26":0,"27":0,"28":0,"29":0,"30":0,"31":0,"32":0,"33":0,"34":0,"35":0,"36":0,"37":0,"38":0,"39":0,"40":0,"41":0,"42":0,"43":0,"44":0,"45":0,"46":0,"47":0,"48":0,"49":0,"50":0,"51":0},"branchMap":{"0":{"type":"branch","line":1,"loc":{"start":{"line":1,"column":0},"end":{"line":52,"column":-46}},"locations":[{"start":{"line":1,"column":0},"end":{"line":52,"column":-46}}]}},"b":{"0":[0]},"fnMap":{"0":{"name":"(empty-report)","decl":{"start":{"line":1,"column":0},"end":{"line":52,"column":-46}},"loc":{"start":{"line":1,"column":0},"end":{"line":52,"column":-46}},"line":1}},"f":{"0":0}}
}
