{"/workspace/build.js": {"path":"/workspace/build.js","all":false,"statementMap":{"0":{"start":{"line":1,"column":0},"end":{"line":1,"column":19}},"1":{"start":{"line":2,"column":0},"end":{"line":2,"column":30}},"2":{"start":{"line":3,"column":0},"end":{"line":3,"column":29}},"3":{"start":{"line":4,"column":0},"end":{"line":4,"column":50}},"4":{"start":{"line":5,"column":0},"end":{"line":5,"column":29}},"5":{"start":{"line":6,"column":0},"end":{"line":6,"column":0}},"6":{"start":{"line":7,"column":0},"end":{"line":7,"column":42}},"7":{"start":{"line":8,"column":0},"end":{"line":8,"column":0}},"8":{"start":{"line":9,"column":0},"end":{"line":9,"column":41}},"9":{"start":{"line":10,"column":0},"end":{"line":10,"column":32}},"10":{"start":{"line":11,"column":0},"end":{"line":11,"column":26}},"11":{"start":{"line":12,"column":0},"end":{"line":12,"column":44}},"12":{"start":{"line":13,"column":0},"end":{"line":13,"column":0}},"13":{"start":{"line":14,"column":0},"end":{"line":14,"column":30}},"14":{"start":{"line":15,"column":0},"end":{"line":15,"column":1}},"15":{"start":{"line":16,"column":0},"end":{"line":16,"column":39}},"16":{"start":{"line":17,"column":0},"end":{"line":17,"column":0}},"17":{"start":{"line":18,"column":0},"end":{"line":18,"column":81}},"18":{"start":{"line":19,"column":0},"end":{"line":19,"column":48}},"19":{"start":{"line":20,"column":0},"end":{"line":20,"column":59}},"20":{"start":{"line":21,"column":0},"end":{"line":21,"column":32}},"21":{"start":{"line":22,"column":0},"end":{"line":22,"column":3}},"22":{"start":{"line":23,"column":0},"end":{"line":23,"column":15}},"23":{"start":{"line":24,"column":0},"end":{"line":24,"column":3}},"24":{"start":{"line":25,"column":0},"end":{"line":25,"column":0}},"25":{"start":{"line":26,"column":0},"end":{"line":26,"column":80}},"26":{"start":{"line":27,"column":0},"end":{"line":27,"column":16}},"27":{"start":{"line":28,"column":0},"end":{"line":28,"column":3}},"28":{"start":{"line":29,"column":0},"end":{"line":29,"column":49}},"29":{"start":{"line":30,"column":0},"end":{"line":30,"column":62}},"30":{"start":{"line":31,"column":0},"end":{"line":31,"column":29}},"31":{"start":{"line":32,"column":0},"end":{"line":32,"column":52}},"32":{"start":{"line":33,"column":0},"end":{"line":33,"column":43}},"33":{"start":{"line":34,"column":0},"end":{"line":34,"column":30}},"34":{"start":{"line":35,"column":0},"end":{"line":35,"column":28}},"35":{"start":{"line":36,"column":0},"end":{"line":36,"column":43}},"36":{"start":{"line":37,"column":0},"end":{"line":37,"column":3}},"37":{"start":{"line":38,"column":0},"end":{"line":38,"column":0}},"38":{"start":{"line":39,"column":0},"end":{"line":39,"column":14}},"39":{"start":{"line":40,"column":0},"end":{"line":40,"column":1}},"40":{"start":{"line":41,"column":0},"end":{"line":41,"column":0}},"41":{"start":{"line":42,"column":0},"end":{"line":42,"column":3}},"42":{"start":{"line":43,"column":0},"end":{"line":43,"column":40}},"43":{"start":{"line":44,"column":0},"end":{"line":44,"column":81}},"44":{"start":{"line":45,"column":0},"end":{"line":45,"column":3}},"45":{"start":{"line":46,"column":0},"end":{"line":46,"column":25}},"46":{"start":{"line":47,"column":0},"end":{"line":47,"column":1}},"47":{"start":{"line":48,"column":0},"end":{"line":48,"column":38}},"48":{"start":{"line":49,"column":0},"end":{"line":49,"column":3}},"49":{"start":{"line":50,"column":0},"end":{"line":50,"column":67}},"50":{"start":{"line":51,"column":0},"end":{"line":51,"column":3}},"51":{"start":{"line":52,"column":0},"end":{"line":52,"column":0}},"52":{"start":{"line":53,"column":0},"end":{"line":53,"column":18}},"53":{"start":{"line":54,"column":0},"end":{"line":54,"column":0}},"54":{"start":{"line":55,"column":0},"end":{"line":55,"column":23}},"55":{"start":{"line":56,"column":0},"end":{"line":56,"column":3}},"56":{"start":{"line":57,"column":0},"end":{"line":57,"column":51}},"57":{"start":{"line":58,"column":0},"end":{"line":58,"column":3}},"58":{"start":{"line":59,"column":0},"end":{"line":59,"column":0}},"59":{"start":{"line":60,"column":0},"end":{"line":60,"column":5}},"60":{"start":{"line":61,"column":0},"end":{"line":61,"column":3}},"61":{"start":{"line":62,"column":0},"end":{"line":62,"column":31}},"62":{"start":{"line":63,"column":0},"end":{"line":63,"column":50}},"63":{"start":{"line":64,"column":0},"end":{"line":64,"column":0}},"64":{"start":{"line":65,"column":0},"end":{"line":65,"column":54}},"65":{"start":{"line":66,"column":0},"end":{"line":66,"column":5}},"66":{"start":{"line":67,"column":0},"end":{"line":67,"column":108}},"67":{"start":{"line":68,"column":0},"end":{"line":68,"column":5}},"68":{"start":{"line":69,"column":0},"end":{"line":69,"column":0}},"69":{"start":{"line":70,"column":0},"end":{"line":70,"column":43}},"70":{"start":{"line":71,"column":0},"end":{"line":71,"column":5}},"71":{"start":{"line":72,"column":0},"end":{"line":72,"column":87}},"72":{"start":{"line":73,"column":0},"end":{"line":73,"column":5}},"73":{"start":{"line":74,"column":0},"end":{"line":74,"column":0}},"74":{"start":{"line":75,"column":0},"end":{"line":75,"column":50}},"75":{"start":{"line":76,"column":0},"end":{"line":76,"column":30}},"76":{"start":{"line":77,"column":0},"end":{"line":77,"column":5}},"77":{"start":{"line":78,"column":0},"end":{"line":78,"column":94}},"78":{"start":{"line":79,"column":0},"end":{"line":79,"column":5}},"79":{"start":{"line":80,"column":0},"end":{"line":80,"column":0}},"80":{"start":{"line":81,"column":0},"end":{"line":81,"column":31}},"81":{"start":{"line":82,"column":0},"end":{"line":82,"column":3}},"82":{"start":{"line":83,"column":0},"end":{"line":83,"column":11}},"83":{"start":{"line":84,"column":0},"end":{"line":84,"column":3}},"84":{"start":{"line":85,"column":0},"end":{"line":85,"column":71}},"85":{"start":{"line":86,"column":0},"end":{"line":86,"column":3}},"86":{"start":{"line":87,"column":0},"end":{"line":87,"column":1}},"87":{"start":{"line":88,"column":0},"end":{"line":88,"column":0}},"88":{"start":{"line":89,"column":0},"end":{"line":89,"column":25}},"89":{"start":{"line":90,"column":0},"end":{"line":90,"column":1}},"90":{"start":{"line":91,"column":0},"end":{"line":91,"column":56}},"91":{"start":{"line":92,"column":0},"end":{"line":92,"column":30}},"92":{"start":{"line":93,"column":0},"end":{"line":93,"column":16}},"93":{"start":{"line":94,"column":0},"end":{"line":94,"column":0}},"94":{"start":{"line":95,"column":0},"end":{"line":95,"column":26}},"95":{"start":{"line":96,"column":0},"end":{"line":96,"column":35}},"96":{"start":{"line":97,"column":0},"end":{"line":97,"column":36}},"97":{"start":{"line":98,"column":0},"end":{"line":98,"column":5}},"98":{"start":{"line":99,"column":0},"end":{"line":99,"column":76}},"99":{"start":{"line":100,"column":0},"end":{"line":100,"column":12}},"100":{"start":{"line":101,"column":0},"end":{"line":101,"column":5}},"101":{"start":{"line":102,"column":0},"end":{"line":102,"column":0}},"102":{"start":{"line":103,"column":0},"end":{"line":103,"column":16}},"103":{"start":{"line":104,"column":0},"end":{"line":104,"column":33}},"104":{"start":{"line":105,"column":0},"end":{"line":105,"column":22}},"105":{"start":{"line":106,"column":0},"end":{"line":106,"column":6}},"106":{"start":{"line":107,"column":0},"end":{"line":107,"column":4}},"107":{"start":{"line":108,"column":0},"end":{"line":108,"column":0}},"108":{"start":{"line":109,"column":0},"end":{"line":109,"column":35}},"109":{"start":{"line":110,"column":0},"end":{"line":110,"column":3}},"110":{"start":{"line":111,"column":0},"end":{"line":111,"column":96}},"111":{"start":{"line":112,"column":0},"end":{"line":112,"column":41}},"112":{"start":{"line":113,"column":0},"end":{"line":113,"column":3}},"113":{"start":{"line":114,"column":0},"end":{"line":114,"column":0}},"114":{"start":{"line":115,"column":0},"end":{"line":115,"column":14}},"115":{"start":{"line":116,"column":0},"end":{"line":116,"column":1}},"116":{"start":{"line":117,"column":0},"end":{"line":117,"column":0}},"117":{"start":{"line":118,"column":0},"end":{"line":118,"column":34}},"118":{"start":{"line":119,"column":0},"end":{"line":119,"column":1}},"119":{"start":{"line":120,"column":0},"end":{"line":120,"column":37}},"120":{"start":{"line":121,"column":0},"end":{"line":121,"column":24}},"121":{"start":{"line":122,"column":0},"end":{"line":122,"column":3}},"122":{"start":{"line":123,"column":0},"end":{"line":123,"column":78}},"123":{"start":{"line":124,"column":0},"end":{"line":124,"column":13}},"124":{"start":{"line":125,"column":0},"end":{"line":125,"column":3}},"125":{"start":{"line":126,"column":0},"end":{"line":126,"column":0}},"126":{"start":{"line":127,"column":0},"end":{"line":127,"column":32}},"127":{"start":{"line":128,"column":0},"end":{"line":128,"column":0}},"128":{"start":{"line":129,"column":0},"end":{"line":129,"column":5}},"129":{"start":{"line":130,"column":0},"end":{"line":130,"column":3}},"130":{"start":{"line":131,"column":0},"end":{"line":131,"column":44}},"131":{"start":{"line":132,"column":0},"end":{"line":132,"column":78}},"132":{"start":{"line":133,"column":0},"end":{"line":133,"column":0}},"133":{"start":{"line":134,"column":0},"end":{"line":134,"column":38}},"134":{"start":{"line":135,"column":0},"end":{"line":135,"column":32}},"135":{"start":{"line":136,"column":0},"end":{"line":136,"column":25}},"136":{"start":{"line":137,"column":0},"end":{"line":137,"column":16}},"137":{"start":{"line":138,"column":0},"end":{"line":138,"column":32}},"138":{"start":{"line":139,"column":0},"end":{"line":139,"column":7}},"139":{"start":{"line":140,"column":0},"end":{"line":140,"column":6}},"140":{"start":{"line":141,"column":0},"end":{"line":141,"column":0}},"141":{"start":{"line":142,"column":0},"end":{"line":142,"column":27}},"142":{"start":{"line":143,"column":0},"end":{"line":143,"column":0}},"143":{"start":{"line":144,"column":0},"end":{"line":144,"column":46}},"144":{"start":{"line":145,"column":0},"end":{"line":145,"column":5}},"145":{"start":{"line":146,"column":0},"end":{"line":146,"column":50}},"146":{"start":{"line":147,"column":0},"end":{"line":147,"column":19}},"147":{"start":{"line":148,"column":0},"end":{"line":148,"column":7}},"148":{"start":{"line":149,"column":0},"end":{"line":149,"column":56}},"149":{"start":{"line":150,"column":0},"end":{"line":150,"column":38}},"150":{"start":{"line":151,"column":0},"end":{"line":151,"column":9}},"151":{"start":{"line":152,"column":0},"end":{"line":152,"column":100}},"152":{"start":{"line":153,"column":0},"end":{"line":153,"column":19}},"153":{"start":{"line":154,"column":0},"end":{"line":154,"column":9}},"154":{"start":{"line":155,"column":0},"end":{"line":155,"column":53}},"155":{"start":{"line":156,"column":0},"end":{"line":156,"column":7}},"156":{"start":{"line":157,"column":0},"end":{"line":157,"column":77}},"157":{"start":{"line":158,"column":0},"end":{"line":158,"column":15}},"158":{"start":{"line":159,"column":0},"end":{"line":159,"column":5}},"159":{"start":{"line":160,"column":0},"end":{"line":160,"column":0}},"160":{"start":{"line":161,"column":0},"end":{"line":161,"column":16}},"161":{"start":{"line":162,"column":0},"end":{"line":162,"column":5}},"162":{"start":{"line":163,"column":0},"end":{"line":163,"column":62}},"163":{"start":{"line":164,"column":0},"end":{"line":164,"column":15}},"164":{"start":{"line":165,"column":0},"end":{"line":165,"column":5}},"165":{"start":{"line":166,"column":0},"end":{"line":166,"column":0}},"166":{"start":{"line":167,"column":0},"end":{"line":167,"column":61}},"167":{"start":{"line":168,"column":0},"end":{"line":168,"column":93}},"168":{"start":{"line":169,"column":0},"end":{"line":169,"column":5}},"169":{"start":{"line":170,"column":0},"end":{"line":170,"column":86}},"170":{"start":{"line":171,"column":0},"end":{"line":171,"column":15}},"171":{"start":{"line":172,"column":0},"end":{"line":172,"column":5}},"172":{"start":{"line":173,"column":0},"end":{"line":173,"column":0}},"173":{"start":{"line":174,"column":0},"end":{"line":174,"column":12}},"174":{"start":{"line":175,"column":0},"end":{"line":175,"column":39}},"175":{"start":{"line":176,"column":0},"end":{"line":176,"column":5}},"176":{"start":{"line":177,"column":0},"end":{"line":177,"column":29}},"177":{"start":{"line":178,"column":0},"end":{"line":178,"column":5}},"178":{"start":{"line":179,"column":0},"end":{"line":179,"column":8}},"179":{"start":{"line":180,"column":0},"end":{"line":180,"column":5}},"180":{"start":{"line":181,"column":0},"end":{"line":181,"column":23}},"181":{"start":{"line":182,"column":0},"end":{"line":182,"column":41}},"182":{"start":{"line":183,"column":0},"end":{"line":183,"column":7}},"183":{"start":{"line":184,"column":0},"end":{"line":184,"column":26}},"184":{"start":{"line":185,"column":0},"end":{"line":185,"column":7}},"185":{"start":{"line":186,"column":0},"end":{"line":186,"column":51}},"186":{"start":{"line":187,"column":0},"end":{"line":187,"column":5}},"187":{"start":{"line":188,"column":0},"end":{"line":188,"column":0}},"188":{"start":{"line":189,"column":0},"end":{"line":189,"column":40}},"189":{"start":{"line":190,"column":0},"end":{"line":190,"column":5}},"190":{"start":{"line":191,"column":0},"end":{"line":191,"column":106}},"191":{"start":{"line":192,"column":0},"end":{"line":192,"column":45}},"192":{"start":{"line":193,"column":0},"end":{"line":193,"column":5}},"193":{"start":{"line":194,"column":0},"end":{"line":194,"column":0}},"194":{"start":{"line":195,"column":0},"end":{"line":195,"column":49}},"195":{"start":{"line":196,"column":0},"end":{"line":196,"column":56}},"196":{"start":{"line":197,"column":0},"end":{"line":197,"column":35}},"197":{"start":{"line":198,"column":0},"end":{"line":198,"column":0}},"198":{"start":{"line":199,"column":0},"end":{"line":199,"column":37}},"199":{"start":{"line":200,"column":0},"end":{"line":200,"column":3}},"200":{"start":{"line":201,"column":0},"end":{"line":201,"column":13}},"201":{"start":{"line":202,"column":0},"end":{"line":202,"column":3}},"202":{"start":{"line":203,"column":0},"end":{"line":203,"column":34}},"203":{"start":{"line":204,"column":0},"end":{"line":204,"column":5}},"204":{"start":{"line":205,"column":0},"end":{"line":205,"column":91}},"205":{"start":{"line":206,"column":0},"end":{"line":206,"column":5}},"206":{"start":{"line":207,"column":0},"end":{"line":207,"column":8}},"207":{"start":{"line":208,"column":0},"end":{"line":208,"column":5}},"208":{"start":{"line":209,"column":0},"end":{"line":209,"column":73}},"209":{"start":{"line":210,"column":0},"end":{"line":210,"column":5}},"210":{"start":{"line":211,"column":0},"end":{"line":211,"column":13}},"211":{"start":{"line":212,"column":0},"end":{"line":212,"column":3}},"212":{"start":{"line":213,"column":0},"end":{"line":213,"column":1}},"213":{"start":{"line":214,"column":0},"end":{"line":214,"column":0}},"214":{"start":{"line":215,"column":0},"end":{"line":215,"column":22}},"215":{"start":{"line":216,"column":0},"end":{"line":216,"column":1}},"216":{"start":{"line":217,"column":0},"end":{"line":217,"column":5}},"217":{"start":{"line":218,"column":0},"end":{"line":218,"column":3}},"218":{"start":{"line":219,"column":0},"end":{"line":219,"column":44}},"219":{"start":{"line":220,"column":0},"end":{"line":220,"column":38}},"220":{"start":{"line":221,"column":0},"end":{"line":221,"column":54}},"221":{"start":{"line":222,"column":0},"end":{"line":222,"column":0}},"222":{"start":{"line":223,"column":0},"end":{"line":223,"column":20}},"223":{"start":{"line":224,"column":0},"end":{"line":224,"column":0}},"224":{"start":{"line":225,"column":0},"end":{"line":225,"column":30}},"225":{"start":{"line":226,"column":0},"end":{"line":226,"column":5}},"226":{"start":{"line":227,"column":0},"end":{"line":227,"column":39}},"227":{"start":{"line":228,"column":0},"end":{"line":228,"column":49}},"228":{"start":{"line":229,"column":0},"end":{"line":229,"column":0}},"229":{"start":{"line":230,"column":0},"end":{"line":230,"column":38}},"230":{"start":{"line":231,"column":0},"end":{"line":231,"column":0}},"231":{"start":{"line":232,"column":0},"end":{"line":232,"column":18}},"232":{"start":{"line":233,"column":0},"end":{"line":233,"column":23}},"233":{"start":{"line":234,"column":0},"end":{"line":234,"column":19}},"234":{"start":{"line":235,"column":0},"end":{"line":235,"column":30}},"235":{"start":{"line":236,"column":0},"end":{"line":236,"column":22}},"236":{"start":{"line":237,"column":0},"end":{"line":237,"column":38}},"237":{"start":{"line":238,"column":0},"end":{"line":238,"column":8}},"238":{"start":{"line":239,"column":0},"end":{"line":239,"column":5}},"239":{"start":{"line":240,"column":0},"end":{"line":240,"column":0}},"240":{"start":{"line":241,"column":0},"end":{"line":241,"column":35}},"241":{"start":{"line":242,"column":0},"end":{"line":242,"column":22}},"242":{"start":{"line":243,"column":0},"end":{"line":243,"column":28}},"243":{"start":{"line":244,"column":0},"end":{"line":244,"column":5}},"244":{"start":{"line":245,"column":0},"end":{"line":245,"column":44}},"245":{"start":{"line":246,"column":0},"end":{"line":246,"column":5}},"246":{"start":{"line":247,"column":0},"end":{"line":247,"column":0}},"247":{"start":{"line":248,"column":0},"end":{"line":248,"column":21}},"248":{"start":{"line":249,"column":0},"end":{"line":249,"column":26}},"249":{"start":{"line":250,"column":0},"end":{"line":250,"column":36}},"250":{"start":{"line":251,"column":0},"end":{"line":251,"column":5}},"251":{"start":{"line":252,"column":0},"end":{"line":252,"column":0}},"252":{"start":{"line":253,"column":0},"end":{"line":253,"column":85}},"253":{"start":{"line":254,"column":0},"end":{"line":254,"column":3}},"254":{"start":{"line":255,"column":0},"end":{"line":255,"column":13}},"255":{"start":{"line":256,"column":0},"end":{"line":256,"column":3}},"256":{"start":{"line":257,"column":0},"end":{"line":257,"column":57}},"257":{"start":{"line":258,"column":0},"end":{"line":258,"column":19}},"258":{"start":{"line":259,"column":0},"end":{"line":259,"column":3}},"259":{"start":{"line":260,"column":0},"end":{"line":260,"column":1}},"260":{"start":{"line":261,"column":0},"end":{"line":261,"column":0}},"261":{"start":{"line":262,"column":0},"end":{"line":262,"column":74}},"262":{"start":{"line":263,"column":0},"end":{"line":263,"column":0}},"263":{"start":{"line":264,"column":0},"end":{"line":264,"column":42}},"264":{"start":{"line":265,"column":0},"end":{"line":265,"column":1}},"265":{"start":{"line":266,"column":0},"end":{"line":266,"column":9}},"266":{"start":{"line":267,"column":0},"end":{"line":267,"column":1}}},"s":{"0":1,"1":1,"2":1,"3":1,"4":1,"5":1,"6":1,"7":1,"8":1,"9":1,"10":1,"11":1,"12":1,"13":46,"14":46,"15":46,"16":46,"17":46,"18":46,"19":46,"20":46,"21":46,"22":10,"23":10,"24":36,"25":36,"26":36,"27":46,"28":18,"29":18,"30":18,"31":18,"32":18,"33":18,"34":18,"35":18,"36":18,"37":22,"38":22,"39":22,"40":1,"41":1,"42":1,"43":1,"44":1,"45":35,"46":35,"47":35,"48":35,"49":4,"50":4,"51":31,"52":31,"53":31,"54":31,"55":35,"56":1,"57":1,"58":30,"59":30,"60":30,"61":30,"62":30,"63":30,"64":35,"65":35,"66":3,"67":3,"68":25,"69":35,"70":35,"71":1,"72":1,"73":24,"74":24,"75":24,"76":35,"77":8,"78":8,"79":16,"80":16,"81":16,"82":35,"83":2,"84":2,"85":2,"86":35,"87":1,"88":6,"89":6,"90":6,"91":6,"92":6,"93":6,"94":6,"95":6007,"96":6007,"97":6007,"98":1,"99":1,"100":1,"101":6006,"102":6006,"103":6006,"104":6006,"105":6006,"106":6,"107":6,"108":6,"109":6,"110":1,"111":1,"112":1,"113":5,"114":5,"115":5,"116":1,"117":14,"118":14,"119":14,"120":14,"121":14,"122":2,"123":2,"124":2,"125":12,"126":12,"127":12,"128":12,"129":12,"130":12,"131":12,"132":12,"133":12,"134":12,"135":12,"136":12,"137":12,"138":12,"139":12,"140":10,"141":10,"142":10,"143":14,"144":14,"145":3,"146":3,"147":3,"148":2,"149":2,"150":2,"151":1,"152":1,"153":1,"154":1,"155":1,"156":1,"157":1,"158":1,"159":7,"160":7,"161":14,"162":1,"163":1,"164":1,"165":6,"166":14,"167":14,"168":14,"169":1,"170":1,"171":1,"172":5,"173":5,"174":5,"175":5,"176":5,"177":5,"178":0,"179":0,"180":0,"181":0,"182":0,"183":0,"184":0,"185":0,"186":0,"187":5,"188":5,"189":14,"190":1,"191":1,"192":1,"193":5,"194":5,"195":5,"196":5,"197":5,"198":14,"199":14,"200":14,"201":2,"202":2,"203":2,"204":1,"205":1,"206":1,"207":1,"208":1,"209":1,"210":2,"211":2,"212":14,"213":1,"214":3,"215":3,"216":3,"217":3,"218":3,"219":3,"220":3,"221":3,"222":3,"223":3,"224":3,"225":3,"226":2,"227":2,"228":2,"229":2,"230":2,"231":2,"232":2,"233":2,"234":2,"235":2,"236":2,"237":2,"238":2,"239":2,"240":2,"241":2,"242":2,"243":3,"244":1,"245":1,"246":2,"247":2,"248":2,"249":2,"250":2,"251":2,"252":2,"253":2,"254":3,"255":1,"256":1,"257":1,"258":1,"259":3,"260":1,"261":1,"262":1,"263":1,"264":0,"265":0,"266":0},"branchMap":{"0":{"type":"branch","line":265,"loc":{"start":{"line":265,"column":0},"end":{"line":267,"column":1}},"locations":[{"start":{"line":265,"column":0},"end":{"line":267,"column":1}}]},"1":{"type":"branch","line":14,"loc":{"start":{"line":14,"column":0},"end":{"line":40,"column":1}},"locations":[{"start":{"line":14,"column":0},"end":{"line":40,"column":1}}]},"2":{"type":"branch","line":18,"loc":{"start":{"line":18,"column":29},"end":{"line":18,"column":54}},"locations":[{"start":{"line":18,"column":29},"end":{"line":18,"column":54}}]},"3":{"type":"branch","line":18,"loc":{"start":{"line":18,"column":55},"end":{"line":18,"column":78}},"locations":[{"start":{"line":18,"column":55},"end":{"line":18,"column":78}}]},"4":{"type":"branch","line":18,"loc":{"start":{"line":18,"column":79},"end":{"line":19,"column":24}},"locations":[{"start":{"line":18,"column":79},"end":{"line":19,"column":24}}]},"5":{"type":"branch","line":19,"loc":{"start":{"line":19,"column":25},"end":{"line":19,"column":45}},"locations":[{"start":{"line":19,"column":25},"end":{"line":19,"column":45}}]},"6":{"type":"branch","line":19,"loc":{"start":{"line":19,"column":46},"end":{"line":20,"column":29}},"locations":[{"start":{"line":19,"column":46},"end":{"line":20,"column":29}}]},"7":{"type":"branch","line":20,"loc":{"start":{"line":20,"column":30},"end":{"line":20,"column":56}},"locations":[{"start":{"line":20,"column":30},"end":{"line":20,"column":56}}]},"8":{"type":"branch","line":20,"loc":{"start":{"line":20,"column":57},"end":{"line":21,"column":31}},"locations":[{"start":{"line":20,"column":57},"end":{"line":21,"column":31}}]},"9":{"type":"branch","line":22,"loc":{"start":{"line":22,"column":2},"end":{"line":24,"column":3}},"locations":[{"start":{"line":22,"column":2},"end":{"line":24,"column":3}}]},"10":{"type":"branch","line":24,"loc":{"start":{"line":24,"column":2},"end":{"line":28,"column":2}},"locations":[{"start":{"line":24,"column":2},"end":{"line":28,"column":2}}]},"11":{"type":"branch","line":28,"loc":{"start":{"line":28,"column":2},"end":{"line":37,"column":3}},"locations":[{"start":{"line":28,"column":2},"end":{"line":37,"column":3}}]},"12":{"type":"branch","line":30,"loc":{"start":{"line":30,"column":16},"end":{"line":30,"column":26}},"locations":[{"start":{"line":30,"column":16},"end":{"line":30,"column":26}}]},"13":{"type":"branch","line":30,"loc":{"start":{"line":30,"column":27},"end":{"line":30,"column":37}},"locations":[{"start":{"line":30,"column":27},"end":{"line":30,"column":37}}]},"14":{"type":"branch","line":30,"loc":{"start":{"line":30,"column":38},"end":{"line":30,"column":48}},"locations":[{"start":{"line":30,"column":38},"end":{"line":30,"column":48}}]},"15":{"type":"branch","line":30,"loc":{"start":{"line":30,"column":50},"end":{"line":30,"column":62}},"locations":[{"start":{"line":30,"column":50},"end":{"line":30,"column":62}}]},"16":{"type":"branch","line":30,"loc":{"start":{"line":30,"column":57},"end":{"line":31,"column":18}},"locations":[{"start":{"line":30,"column":57},"end":{"line":31,"column":18}}]},"17":{"type":"branch","line":31,"loc":{"start":{"line":31,"column":18},"end":{"line":31,"column":29}},"locations":[{"start":{"line":31,"column":18},"end":{"line":31,"column":29}}]},"18":{"type":"branch","line":31,"loc":{"start":{"line":31,"column":25},"end":{"line":32,"column":18}},"locations":[{"start":{"line":31,"column":25},"end":{"line":32,"column":18}}]},"19":{"type":"branch","line":32,"loc":{"start":{"line":32,"column":18},"end":{"line":32,"column":28}},"locations":[{"start":{"line":32,"column":18},"end":{"line":32,"column":28}}]},"20":{"type":"branch","line":32,"loc":{"start":{"line":32,"column":29},"end":{"line":32,"column":39}},"locations":[{"start":{"line":32,"column":29},"end":{"line":32,"column":39}}]},"21":{"type":"branch","line":32,"loc":{"start":{"line":32,"column":41},"end":{"line":32,"column":52}},"locations":[{"start":{"line":32,"column":41},"end":{"line":32,"column":52}}]},"22":{"type":"branch","line":32,"loc":{"start":{"line":32,"column":48},"end":{"line":33,"column":18}},"locations":[{"start":{"line":32,"column":48},"end":{"line":33,"column":18}}]},"23":{"type":"branch","line":33,"loc":{"start":{"line":33,"column":18},"end":{"line":33,"column":30}},"locations":[{"start":{"line":33,"column":18},"end":{"line":33,"column":30}}]},"24":{"type":"branch","line":33,"loc":{"start":{"line":33,"column":32},"end":{"line":33,"column":43}},"locations":[{"start":{"line":33,"column":32},"end":{"line":33,"column":43}}]},"25":{"type":"branch","line":33,"loc":{"start":{"line":33,"column":39},"end":{"line":34,"column":19}},"locations":[{"start":{"line":33,"column":39},"end":{"line":34,"column":19}}]},"26":{"type":"branch","line":34,"loc":{"start":{"line":34,"column":19},"end":{"line":34,"column":30}},"locations":[{"start":{"line":34,"column":19},"end":{"line":34,"column":30}}]},"27":{"type":"branch","line":34,"loc":{"start":{"line":34,"column":26},"end":{"line":35,"column":17}},"locations":[{"start":{"line":34,"column":26},"end":{"line":35,"column":17}}]},"28":{"type":"branch","line":35,"loc":{"start":{"line":35,"column":17},"end":{"line":35,"column":28}},"locations":[{"start":{"line":35,"column":17},"end":{"line":35,"column":28}}]},"29":{"type":"branch","line":35,"loc":{"start":{"line":35,"column":24},"end":{"line":36,"column":18}},"locations":[{"start":{"line":35,"column":24},"end":{"line":36,"column":18}}]},"30":{"type":"branch","line":36,"loc":{"start":{"line":36,"column":18},"end":{"line":36,"column":30}},"locations":[{"start":{"line":36,"column":18},"end":{"line":36,"column":30}}]},"31":{"type":"branch","line":36,"loc":{"start":{"line":36,"column":32},"end":{"line":36,"column":43}},"locations":[{"start":{"line":36,"column":32},"end":{"line":36,"column":43}}]},"32":{"type":"branch","line":37,"loc":{"start":{"line":37,"column":2},"end":{"line":40,"column":1}},"locations":[{"start":{"line":37,"column":2},"end":{"line":40,"column":1}}]},"33":{"type":"branch","line":46,"loc":{"start":{"line":46,"column":0},"end":{"line":87,"column":1}},"locations":[{"start":{"line":46,"column":0},"end":{"line":87,"column":1}}]},"34":{"type":"branch","line":48,"loc":{"start":{"line":48,"column":11},"end":{"line":48,"column":37}},"locations":[{"start":{"line":48,"column":11},"end":{"line":48,"column":37}}]},"35":{"type":"branch","line":49,"loc":{"start":{"line":49,"column":2},"end":{"line":51,"column":3}},"locations":[{"start":{"line":49,"column":2},"end":{"line":51,"column":3}}]},"36":{"type":"branch","line":51,"loc":{"start":{"line":51,"column":2},"end":{"line":56,"column":2}},"locations":[{"start":{"line":51,"column":2},"end":{"line":56,"column":2}}]},"37":{"type":"branch","line":56,"loc":{"start":{"line":56,"column":2},"end":{"line":58,"column":3}},"locations":[{"start":{"line":56,"column":2},"end":{"line":58,"column":3}}]},"38":{"type":"branch","line":58,"loc":{"start":{"line":58,"column":2},"end":{"line":65,"column":29}},"locations":[{"start":{"line":58,"column":2},"end":{"line":65,"column":29}}]},"39":{"type":"branch","line":65,"loc":{"start":{"line":65,"column":29},"end":{"line":65,"column":53}},"locations":[{"start":{"line":65,"column":29},"end":{"line":65,"column":53}}]},"40":{"type":"branch","line":66,"loc":{"start":{"line":66,"column":4},"end":{"line":68,"column":5}},"locations":[{"start":{"line":66,"column":4},"end":{"line":68,"column":5}}]},"41":{"type":"branch","line":68,"loc":{"start":{"line":68,"column":4},"end":{"line":70,"column":24}},"locations":[{"start":{"line":68,"column":4},"end":{"line":70,"column":24}}]},"42":{"type":"branch","line":70,"loc":{"start":{"line":70,"column":24},"end":{"line":70,"column":42}},"locations":[{"start":{"line":70,"column":24},"end":{"line":70,"column":42}}]},"43":{"type":"branch","line":71,"loc":{"start":{"line":71,"column":4},"end":{"line":73,"column":5}},"locations":[{"start":{"line":71,"column":4},"end":{"line":73,"column":5}}]},"44":{"type":"branch","line":73,"loc":{"start":{"line":73,"column":4},"end":{"line":77,"column":4}},"locations":[{"start":{"line":73,"column":4},"end":{"line":77,"column":4}}]},"45":{"type":"branch","line":77,"loc":{"start":{"line":77,"column":4},"end":{"line":79,"column":5}},"locations":[{"start":{"line":77,"column":4},"end":{"line":79,"column":5}}]},"46":{"type":"branch","line":79,"loc":{"start":{"line":79,"column":4},"end":{"line":83,"column":2}},"locations":[{"start":{"line":79,"column":4},"end":{"line":83,"column":2}}]},"47":{"type":"branch","line":83,"loc":{"start":{"line":83,"column":2},"end":{"line":86,"column":3}},"locations":[{"start":{"line":83,"column":2},"end":{"line":86,"column":3}}]},"48":{"type":"branch","line":89,"loc":{"start":{"line":89,"column":0},"end":{"line":116,"column":1}},"locations":[{"start":{"line":89,"column":0},"end":{"line":116,"column":1}}]},"49":{"type":"branch","line":110,"loc":{"start":{"line":110,"column":2},"end":{"line":113,"column":3}},"locations":[{"start":{"line":110,"column":2},"end":{"line":113,"column":3}}]},"50":{"type":"branch","line":113,"loc":{"start":{"line":113,"column":2},"end":{"line":116,"column":1}},"locations":[{"start":{"line":113,"column":2},"end":{"line":116,"column":1}}]},"51":{"type":"branch","line":95,"loc":{"start":{"line":95,"column":14},"end":{"line":107,"column":3}},"locations":[{"start":{"line":95,"column":14},"end":{"line":107,"column":3}}]},"52":{"type":"branch","line":97,"loc":{"start":{"line":97,"column":14},"end":{"line":97,"column":35}},"locations":[{"start":{"line":97,"column":14},"end":{"line":97,"column":35}}]},"53":{"type":"branch","line":98,"loc":{"start":{"line":98,"column":4},"end":{"line":101,"column":5}},"locations":[{"start":{"line":98,"column":4},"end":{"line":101,"column":5}}]},"54":{"type":"branch","line":101,"loc":{"start":{"line":101,"column":4},"end":{"line":107,"column":2}},"locations":[{"start":{"line":101,"column":4},"end":{"line":107,"column":2}}]},"55":{"type":"branch","line":118,"loc":{"start":{"line":118,"column":0},"end":{"line":213,"column":1}},"locations":[{"start":{"line":118,"column":0},"end":{"line":213,"column":1}}]},"56":{"type":"branch","line":122,"loc":{"start":{"line":122,"column":2},"end":{"line":125,"column":3}},"locations":[{"start":{"line":122,"column":2},"end":{"line":125,"column":3}}]},"57":{"type":"branch","line":125,"loc":{"start":{"line":125,"column":2},"end":{"line":140,"column":6}},"locations":[{"start":{"line":125,"column":2},"end":{"line":140,"column":6}}]},"58":{"type":"branch","line":140,"loc":{"start":{"line":140,"column":5},"end":{"line":144,"column":26}},"locations":[{"start":{"line":140,"column":5},"end":{"line":144,"column":26}}]},"59":{"type":"branch","line":144,"loc":{"start":{"line":144,"column":26},"end":{"line":144,"column":45}},"locations":[{"start":{"line":144,"column":26},"end":{"line":144,"column":45}}]},"60":{"type":"branch","line":145,"loc":{"start":{"line":145,"column":4},"end":{"line":159,"column":5}},"locations":[{"start":{"line":145,"column":4},"end":{"line":159,"column":5}}]},"61":{"type":"branch","line":148,"loc":{"start":{"line":148,"column":6},"end":{"line":156,"column":7}},"locations":[{"start":{"line":148,"column":6},"end":{"line":156,"column":7}}]},"62":{"type":"branch","line":151,"loc":{"start":{"line":151,"column":8},"end":{"line":156,"column":7}},"locations":[{"start":{"line":151,"column":8},"end":{"line":156,"column":7}}]},"63":{"type":"branch","line":156,"loc":{"start":{"line":156,"column":6},"end":{"line":159,"column":5}},"locations":[{"start":{"line":156,"column":6},"end":{"line":159,"column":5}}]},"64":{"type":"branch","line":159,"loc":{"start":{"line":159,"column":4},"end":{"line":162,"column":4}},"locations":[{"start":{"line":159,"column":4},"end":{"line":162,"column":4}}]},"65":{"type":"branch","line":162,"loc":{"start":{"line":162,"column":4},"end":{"line":165,"column":5}},"locations":[{"start":{"line":162,"column":4},"end":{"line":165,"column":5}}]},"66":{"type":"branch","line":165,"loc":{"start":{"line":165,"column":4},"end":{"line":167,"column":56}},"locations":[{"start":{"line":165,"column":4},"end":{"line":167,"column":56}}]},"67":{"type":"branch","line":167,"loc":{"start":{"line":167,"column":56},"end":{"line":167,"column":61}},"locations":[{"start":{"line":167,"column":56},"end":{"line":167,"column":61}}]},"68":{"type":"branch","line":168,"loc":{"start":{"line":168,"column":43},"end":{"line":168,"column":92}},"locations":[{"start":{"line":168,"column":43},"end":{"line":168,"column":92}}]},"69":{"type":"branch","line":169,"loc":{"start":{"line":169,"column":4},"end":{"line":172,"column":5}},"locations":[{"start":{"line":169,"column":4},"end":{"line":172,"column":5}}]},"70":{"type":"branch","line":172,"loc":{"start":{"line":172,"column":4},"end":{"line":178,"column":5}},"locations":[{"start":{"line":172,"column":4},"end":{"line":178,"column":5}}]},"71":{"type":"branch","line":178,"loc":{"start":{"line":178,"column":4},"end":{"line":187,"column":5}},"locations":[{"start":{"line":178,"column":4},"end":{"line":187,"column":5}}]},"72":{"type":"branch","line":187,"loc":{"start":{"line":187,"column":4},"end":{"line":190,"column":4}},"locations":[{"start":{"line":187,"column":4},"end":{"line":190,"column":4}}]},"73":{"type":"branch","line":190,"loc":{"start":{"line":190,"column":4},"end":{"line":193,"column":5}},"locations":[{"start":{"line":190,"column":4},"end":{"line":193,"column":5}}]},"74":{"type":"branch","line":193,"loc":{"start":{"line":193,"column":4},"end":{"line":199,"column":31}},"locations":[{"start":{"line":193,"column":4},"end":{"line":199,"column":31}}]},"75":{"type":"branch","line":199,"loc":{"start":{"line":199,"column":32},"end":{"line":199,"column":37}},"locations":[{"start":{"line":199,"column":32},"end":{"line":199,"column":37}}]},"76":{"type":"branch","line":201,"loc":{"start":{"line":201,"column":2},"end":{"line":212,"column":3}},"locations":[{"start":{"line":201,"column":2},"end":{"line":212,"column":3}}]},"77":{"type":"branch","line":204,"loc":{"start":{"line":204,"column":4},"end":{"line":210,"column":5}},"locations":[{"start":{"line":204,"column":4},"end":{"line":210,"column":5}}]},"78":{"type":"branch","line":215,"loc":{"start":{"line":215,"column":0},"end":{"line":260,"column":1}},"locations":[{"start":{"line":215,"column":0},"end":{"line":260,"column":1}}]},"79":{"type":"branch","line":226,"loc":{"start":{"line":226,"column":4},"end":{"line":244,"column":4}},"locations":[{"start":{"line":226,"column":4},"end":{"line":244,"column":4}}]},"80":{"type":"branch","line":244,"loc":{"start":{"line":244,"column":4},"end":{"line":246,"column":5}},"locations":[{"start":{"line":244,"column":4},"end":{"line":246,"column":5}}]},"81":{"type":"branch","line":246,"loc":{"start":{"line":246,"column":4},"end":{"line":255,"column":2}},"locations":[{"start":{"line":246,"column":4},"end":{"line":255,"column":2}}]},"82":{"type":"branch","line":255,"loc":{"start":{"line":255,"column":2},"end":{"line":259,"column":3}},"locations":[{"start":{"line":255,"column":2},"end":{"line":259,"column":3}}]}},"b":{"0":[0],"1":[46],"2":[44],"3":[42],"4":[41],"5":[40],"6":[39],"7":[38],"8":[37],"9":[10],"10":[36],"11":[18],"12":[17],"13":[17],"14":[17],"15":[1],"16":[17],"17":[3],"18":[14],"19":[4],"20":[4],"21":[3],"22":[11],"23":[5],"24":[5],"25":[6],"26":[0],"27":[6],"28":[0],"29":[6],"30":[2],"31":[2],"32":[22],"33":[35],"34":[32],"35":[4],"36":[31],"37":[1],"38":[30],"39":[17],"40":[3],"41":[25],"42":[24],"43":[1],"44":[24],"45":[8],"46":[16],"47":[2],"48":[6],"49":[1],"50":[5],"51":[6007],"52":[6006],"53":[1],"54":[6006],"55":[14],"56":[2],"57":[12],"58":[10],"59":[4],"60":[3],"61":[2],"62":[1],"63":[1],"64":[7],"65":[1],"66":[6],"67":[0],"68":[1],"69":[1],"70":[5],"71":[0],"72":[5],"73":[1],"74":[5],"75":[0],"76":[2],"77":[1],"78":[3],"79":[2],"80":[1],"81":[2],"82":[1]},"fnMap":{"0":{"name":"isPrivateIP","decl":{"start":{"line":14,"column":0},"end":{"line":40,"column":1}},"loc":{"start":{"line":14,"column":0},"end":{"line":40,"column":1}},"line":14},"1":{"name":"validateUrl","decl":{"start":{"line":46,"column":0},"end":{"line":87,"column":1}},"loc":{"start":{"line":46,"column":0},"end":{"line":87,"column":1}},"line":46},"2":{"name":"parseBookmarks","decl":{"start":{"line":89,"column":0},"end":{"line":116,"column":1}},"loc":{"start":{"line":89,"column":0},"end":{"line":116,"column":1}},"line":89},"3":{"name":"extractContent","decl":{"start":{"line":118,"column":0},"end":{"line":213,"column":1}},"loc":{"start":{"line":118,"column":0},"end":{"line":213,"column":1}},"line":118},"4":{"name":"build","decl":{"start":{"line":215,"column":0},"end":{"line":260,"column":1}},"loc":{"start":{"line":215,"column":0},"end":{"line":260,"column":1}},"line":215}},"f":{"0":46,"1":35,"2":6,"3":14,"4":3}}
,"/workspace/tagger.js": {"path":"/workspace/tagger.js","all":false,"statementMap":{"0":{"start":{"line":1,"column":0},"end":{"line":1,"column":27}},"1":{"start":{"line":2,"column":0},"end":{"line":2,"column":67}},"2":{"start":{"line":3,"column":0},"end":{"line":3,"column":53}},"3":{"start":{"line":4,"column":0},"end":{"line":4,"column":2}},"4":{"start":{"line":5,"column":0},"end":{"line":5,"column":0}},"5":{"start":{"line":6,"column":0},"end":{"line":6,"column":34}},"6":{"start":{"line":7,"column":0},"end":{"line":7,"column":1}},"7":{"start":{"line":8,"column":0},"end":{"line":8,"column":54}},"8":{"start":{"line":9,"column":0},"end":{"line":9,"column":3}},"9":{"start":{"line":10,"column":0},"end":{"line":10,"column":42}},"10":{"start":{"line":11,"column":0},"end":{"line":11,"column":3}},"11":{"start":{"line":12,"column":0},"end":{"line":12,"column":0}},"12":{"start":{"line":13,"column":0},"end":{"line":13,"column":20}},"13":{"start":{"line":14,"column":0},"end":{"line":14,"column":18}},"14":{"start":{"line":15,"column":0},"end":{"line":15,"column":29}},"15":{"start":{"line":16,"column":0},"end":{"line":16,"column":17}},"16":{"start":{"line":17,"column":0},"end":{"line":17,"column":20}},"17":{"start":{"line":18,"column":0},"end":{"line":18,"column":0}},"18":{"start":{"line":19,"column":0},"end":{"line":19,"column":34}},"19":{"start":{"line":20,"column":0},"end":{"line":20,"column":0}},"20":{"start":{"line":21,"column":0},"end":{"line":21,"column":24}},"21":{"start":{"line":22,"column":0},"end":{"line":22,"column":3}},"22":{"start":{"line":23,"column":0},"end":{"line":23,"column":30}},"23":{"start":{"line":24,"column":0},"end":{"line":24,"column":34}},"24":{"start":{"line":25,"column":0},"end":{"line":25,"column":0}},"25":{"start":{"line":26,"column":0},"end":{"line":26,"column":32}},"26":{"start":{"line":27,"column":0},"end":{"line":27,"column":3}},"27":{"start":{"line":28,"column":0},"end":{"line":28,"column":0}},"28":{"start":{"line":29,"column":0},"end":{"line":29,"column":16}},"29":{"start":{"line":30,"column":0},"end":{"line":30,"column":24}},"30":{"start":{"line":31,"column":0},"end":{"line":31,"column":34}},"31":{"start":{"line":32,"column":0},"end":{"line":32,"column":19}},"32":{"start":{"line":33,"column":0},"end":{"line":33,"column":21}},"33":{"start":{"line":34,"column":0},"end":{"line":34,"column":0}},"34":{"start":{"line":35,"column":0},"end":{"line":35,"column":39}},"35":{"start":{"line":36,"column":0},"end":{"line":36,"column":0}},"36":{"start":{"line":37,"column":0},"end":{"line":37,"column":10}},"37":{"start":{"line":38,"column":0},"end":{"line":38,"column":17}},"38":{"start":{"line":39,"column":0},"end":{"line":39,"column":12}},"39":{"start":{"line":40,"column":0},"end":{"line":40,"column":3}},"40":{"start":{"line":41,"column":0},"end":{"line":41,"column":1}}},"s":{"0":1,"1":1,"2":1,"3":1,"4":1,"5":1,"6":22,"7":22,"8":22,"9":5,"10":5,"11":17,"12":17,"13":17,"14":17,"15":17,"16":17,"17":17,"18":17,"19":17,"20":17,"21":22,"22":259,"23":259,"24":167,"25":259,"26":259,"27":17,"28":17,"29":17,"30":17,"31":17,"32":17,"33":17,"34":22,"35":22,"36":22,"37":22,"38":22,"39":22,"40":22},"branchMap":{"0":{"type":"branch","line":6,"loc":{"start":{"line":6,"column":7},"end":{"line":41,"column":1}},"locations":[{"start":{"line":6,"column":7},"end":{"line":41,"column":1}}]},"1":{"type":"branch","line":8,"loc":{"start":{"line":8,"column":31},"end":{"line":8,"column":53}},"locations":[{"start":{"line":8,"column":31},"end":{"line":8,"column":53}}]},"2":{"type":"branch","line":9,"loc":{"start":{"line":9,"column":2},"end":{"line":11,"column":3}},"locations":[{"start":{"line":9,"column":2},"end":{"line":11,"column":3}}]},"3":{"type":"branch","line":11,"loc":{"start":{"line":11,"column":2},"end":{"line":22,"column":2}},"locations":[{"start":{"line":11,"column":2},"end":{"line":22,"column":2}}]},"4":{"type":"branch","line":22,"loc":{"start":{"line":22,"column":2},"end":{"line":27,"column":3}},"locations":[{"start":{"line":22,"column":2},"end":{"line":27,"column":3}}]},"5":{"type":"branch","line":23,"loc":{"start":{"line":23,"column":22},"end":{"line":23,"column":30}},"locations":[{"start":{"line":23,"column":22},"end":{"line":23,"column":30}}]},"6":{"type":"branch","line":23,"loc":{"start":{"line":23,"column":22},"end":{"line":24,"column":26}},"locations":[{"start":{"line":23,"column":22},"end":{"line":24,"column":26}}]},"7":{"type":"branch","line":24,"loc":{"start":{"line":24,"column":26},"end":{"line":24,"column":34}},"locations":[{"start":{"line":24,"column":26},"end":{"line":24,"column":34}}]},"8":{"type":"branch","line":24,"loc":{"start":{"line":24,"column":26},"end":{"line":26,"column":23}},"locations":[{"start":{"line":24,"column":26},"end":{"line":26,"column":23}}]},"9":{"type":"branch","line":26,"loc":{"start":{"line":26,"column":23},"end":{"line":26,"column":27}},"locations":[{"start":{"line":26,"column":23},"end":{"line":26,"column":27}}]},"10":{"type":"branch","line":27,"loc":{"start":{"line":27,"column":2},"end":{"line":35,"column":29}},"locations":[{"start":{"line":27,"column":2},"end":{"line":35,"column":29}}]},"11":{"type":"branch","line":35,"loc":{"start":{"line":35,"column":29},"end":{"line":35,"column":39}},"locations":[{"start":{"line":35,"column":29},"end":{"line":35,"column":39}}]},"12":{"type":"branch","line":31,"loc":{"start":{"line":31,"column":12},"end":{"line":31,"column":33}},"locations":[{"start":{"line":31,"column":12},"end":{"line":31,"column":33}}]},"13":{"type":"branch","line":33,"loc":{"start":{"line":33,"column":11},"end":{"line":33,"column":20}},"locations":[{"start":{"line":33,"column":11},"end":{"line":33,"column":20}}]}},"b":{"0":[22],"1":[18],"2":[5],"3":[17],"4":[259],"5":[88],"6":[171],"7":[4],"8":[167],"9":[44],"10":[17],"11":[4],"12":[55],"13":[41]},"fnMap":{"0":{"name":"generateTags","decl":{"start":{"line":6,"column":7},"end":{"line":41,"column":1}},"loc":{"start":{"line":6,"column":7},"end":{"line":41,"column":1}},"line":6}},"f":{"0":22}}
,"/workspace/docs/assets/index-BqS_aOeE.js": {"path":"/workspace/docs/assets/index-BqS_aOeE.js","all":true,"statementMap":{"0":{"start":{"line":1,"column":0},"end":{"line":1,"column":83702}},"1":{"start":{"line":2,"column":0},"end":{"line":2,"column":5027}}},"s":{"0":0,"1":0},"branchMap":{"0":{"type":"branch","line":1,"loc":{"start":{"line":1,"column":0},"end":{"line":2,"column":5007}},"locations":[{"start":{"line":1,"column":0},"end":{"line":2,"column":5007}}]}},"b":{"0":[0]},"fnMap":{"0":{"name":"(empty-report)","decl":{"start":{"line":1,"column":0},"end":{"line":2,"column":5007}},"loc":{"start":{"line":1,"column":0},"end":{"line":2,"column":5007}},"line":1}},"f":{"0":0}}
,"/workspace/docs/assets/index-Brc7uuz6.js": {"path":"/workspace/docs/assets/index-Brc7uuz6.js","all":true,"statementMap":{"0":{"start":{"line":1,"column":0},"end":{"line":1,"column":83842}},"1":{"start":{"line":2,"column":0},"end":{"line":2,"column":5027}}},"s":{"0":0,"1":0},"branchMap":{"0":{"type":"branch","line":1,"loc":{"start":{"line":1,"column":0},"end":{"line":2,"column":4997}},"locations":[{"start":{"line":1,"column":0},"end":{"line":2,"column":4997}}]}},"b":{"0":[0]},"fnMap":{"0":{"name":"(empty-report)","decl":{"start":{"line":1,"column":0},"end":{"line":2,"column":4997}},"loc":{"start":{"line":1,"column":0},"end":{"line":2,"column":4997}},"line":1}},"f":{"0":0}}
,"/workspace/k8s/overlays/shokohsc/browser-sync/config/bs-config.js": {"path":"/workspace/k8s/overlays/shokohsc/browser-sync/config/bs-config.js","all":true,"statementMap":{"0":{"start":{"line":1,"column":0},"end":{"line":1,"column":0}},"1":{"start":{"line":2,"column":0},"end":{"line":2,"column":2}},"2":{"start":{"line":3,"column":0},"end":{"line":3,"column":76}},"3":{"start":{"line":4,"column":0},"end":{"line":4,"column":27}},"4":{"start":{"line":5,"column":0},"end":{"line":5,"column":76}},"5":{"start":{"line":6,"column":0},"end":{"line":6,"column":2}},"6":{"start":{"line":7,"column":0},"end":{"line":7,"column":48}},"7":{"start":{"line":8,"column":0},"end":{"line":8,"column":44}},"8":{"start":{"line":9,"column":0},"end":{"line":9,"column":2}},"9":{"start":{"line":10,"column":0},"end":{"line":10,"column":77}},"10":{"start":{"line":11,"column":0},"end":{"line":11,"column":49}},"11":{"start":{"line":12,"column":0},"end":{"line":12,"column":2}},"12":{"start":{"line":13,"column":0},"end":{"line":13,"column":2}},"13":{"start":{"line":14,"column":0},"end":{"line":14,"column":3}},"14":{"start":{"line":15,"column":0},"end":{"line":15,"column":18}},"15":{"start":{"line":16,"column":0},"end":{"line":16,"column":7}},"16":{"start":{"line":17,"column":0},"end":{"line":17,"column":14}},"17":{"start":{"line":18,"column":0},"end":{"line":18,"column":4}},"18":{"start":{"line":19,"column":0},"end":{"line":19,"column":14}},"19":{"start":{"line":20,"column":0},"end":{"line":20,"column":15}},"20":{"start":{"line":21,"column":0},"end":{"line":21,"column":15}},"21":{"start":{"line":22,"column":0},"end":{"line":22,"column":15}},"22":{"start":{"line":23,"column":0},"end":{"line":23,"column":10}},"23":{"start":{"line":24,"column":0},"end":{"line":24,"column":44}},"24":{"start":{"line":25,"column":0},"end":{"line":25,"column":12}},"25":{"start":{"line":26,"column":0},"end":{"line":26,"column":4}},"26":{"start":{"line":27,"column":0},"end":{"line":27,"column":13}},"27":{"start":{"line":28,"column":0},"end":{"line":28,"column":13}},"28":{"start":{"line":29,"column":0},"end":{"line":29,"column":25}},"29":{"start":{"line":30,"column":0},"end":{"line":30,"column":20}},"30":{"start":{"line":31,"column":0},"end":{"line":31,"column":23}},"31":{"start":{"line":32,"column":0},"end":{"line":32,"column":11}},"32":{"start":{"line":33,"column":0},"end":{"line":33,"column":13}},"33":{"start":{"line":34,"column":0},"end":{"line":34,"column":3}},"34":{"start":{"line":35,"column":0},"end":{"line":35,"column":2}}},"s":{"0":0,"1":0,"2":0,"3":0,"4":0,"5":0,"6":0,"7":0,"8":0,"9":0,"10":0,"11":0,"12":0,"13":0,"14":0,"15":0,"16":0,"17":0,"18":0,"19":0,"20":0,"21":0,"22":0,"23":0,"24":0,"25":0,"26":0,"27":0,"28":0,"29":0,"30":0,"31":0,"32":0,"33":0,"34":0},"branchMap":{"0":{"type":"branch","line":1,"loc":{"start":{"line":1,"column":739},"end":{"line":35,"column":2}},"locations":[{"start":{"line":1,"column":739},"end":{"line":35,"column":2}}]}},"b":{"0":[0]},"fnMap":{"0":{"name":"(empty-report)","decl":{"start":{"line":1,"column":739},"end":{"line":35,"column":2}},"loc":{"start":{"line":1,"column":739},"end":{"line":35,"column":2}},"line":1}},"f":{"0":0}}
,"/workspace/src/main.js": {"path":"/workspace/src/main.js","all":true,"statementMap":{"0":{"start":{"line":1,"column":0},"end":{"line":1,"column":49}},"1":{"start":{"line":2,"column":0},"end":{"line":2,"column":40}},"2":{"start":{"line":3,"column":0},"end":{"line":3,"column":20}},"3":{"start":{"line":4,"column":0},"end":{"line":4,"column":0}},"4":{"start":{"line":5,"column":0},"end":{"line":5,"column":25}},"5":{"start":{"line":6,"column":0},"end":{"line":6,"column":60}},"6":{"start":{"line":7,"column":0},"end":{"line":7,"column":0}},"7":{"start":{"line":8,"column":0},"end":{"line":8,"column":18}},"8":{"start":{"line":9,"column":0},"end":{"line":9,"column":23}},"9":{"start":{"line":10,"column":0},"end":{"line":10,"column":27}},"10":{"start":{"line":11,"column":0},"end":{"line":11,"column":29}},"11":{"start":{"line":12,"column":0},"end":{"line":12,"column":14}},"12":{"start":{"line":13,"column":0},"end":{"line":13,"column":13}},"13":{"start":{"line":14,"column":0},"end":{"line":14,"column":29}},"14":{"start":{"line":15,"column":0},"end":{"line":15,"column":7}},"15":{"start":{"line":16,"column":0},"end":{"line":16,"column":5}},"16":{"start":{"line":17,"column":0},"end":{"line":17,"column":4}},"17":{"start":{"line":18,"column":0},"end":{"line":18,"column":1}},"18":{"start":{"line":19,"column":0},"end":{"line":19,"column":0}},"19":{"start":{"line":20,"column":0},"end":{"line":20,"column":5}}},"s":{"0":0,"1":0,"2":0,"3":0,"4":0,"5":0,"6":0,"7":0,"8":0,"9":0,"10":0,"11":0,"12":0,"13":0,"14":0,"15":0,"16":0,"17":0,"18":0,"19":0},"branchMap":{"0":{"type":"branch","line":1,"loc":{"start":{"line":1,"column":0},"end":{"line":20,"column":-180}},"locations":[{"start":{"line":1,"column":0},"end":{"line":20,"column":-180}}]}},"b":{"0":[0]},"fnMap":{"0":{"name":"(empty-report)","decl":{"start":{"line":1,"column":0},"end":{"line":20,"column":-180}},"loc":{"start":{"line":1,"column":0},"end":{"line":20,"column":-180}},"line":1}},"f":{"0":0}}
}
